20230720	000656677		PREIMPORT	A	Begin IMPORT						
20230720	001156681		PREIMPORT	A	Begin IMPORT						
20230720	001656691		PREIMPORT	A	Begin IMPORT						
20230720	002156695		PREIMPORT	A	Begin IMPORT						
20230720	002656703		PREIMPORT	A	Begin IMPORT						
20230720	003156712		PREIMPORT	A	Begin IMPORT						
20230720	003656717		PREIMPORT	A	Begin IMPORT						
20230720	004156731		PREIMPORT	A	Begin IMPORT						
20230720	004656740		PREIMPORT	A	Begin IMPORT						
20230720	005156758		PREIMPORT	A	Begin IMPORT						
20230720	005656769		PREIMPORT	A	Begin IMPORT						
20230720	010156777		PREIMPORT	A	Begin IMPORT						
20230720	010656782		PREIMPORT	A	Begin IMPORT						
20230720	011156794		PREIMPORT	A	Begin IMPORT						
20230720	011656805		PREIMPORT	A	Begin IMPORT						
20230720	012156817		PREIMPORT	A	Begin IMPORT						
20230720	012656830		PREIMPORT	A	Begin IMPORT						
20230720	013156848		PREIMPORT	A	Begin IMPORT						
20230720	013656860		PREIMPORT	A	Begin IMPORT						
20230720	014156867		PREIMPORT	A	Begin IMPORT						
20230720	014656877		PREIMPORT	A	Begin IMPORT						
20230720	015156895		PREIMPORT	A	Begin IMPORT						
20230720	015656912		PREIMPORT	A	Begin IMPORT						
20230720	020156930		PREIMPORT	A	Begin IMPORT						
20230720	020656947		PREIMPORT	A	Begin IMPORT						
20230720	021156964		PREIMPORT	A	Begin IMPORT						
20230720	021656971		PREIMPORT	A	Begin IMPORT						
20230720	022156988		PREIMPORT	A	Begin IMPORT						
20230720	022656993		PREIMPORT	A	Begin IMPORT						
20230720	023156999		PREIMPORT	A	Begin IMPORT						
20230720	023657016		PREIMPORT	A	Begin IMPORT						
20230720	024157032		PREIMPORT	A	Begin IMPORT						
20230720	024657045		PREIMPORT	A	Begin IMPORT						
20230720	025157055		PREIMPORT	A	Begin IMPORT						
20230720	025657068		PREIMPORT	A	Begin IMPORT						
20230720	030157081		PREIMPORT	A	Begin IMPORT						
20230720	030657086		PREIMPORT	A	Begin IMPORT						
20230720	031157090		PREIMPORT	A	Begin IMPORT						
20230720	031657103		PREIMPORT	A	Begin IMPORT						
20230720	032157121		PREIMPORT	A	Begin IMPORT						
20230720	032657132		PREIMPORT	A	Begin IMPORT						
20230720	033157146		PREIMPORT	A	Begin IMPORT						
20230720	033657156		PREIMPORT	A	Begin IMPORT						
20230720	034157174		PREIMPORT	A	Begin IMPORT						
20230720	034657190		PREIMPORT	A	Begin IMPORT						
20230720	035157196		PREIMPORT	A	Begin IMPORT						
20230720	035657211		PREIMPORT	A	Begin IMPORT						
20230720	040157216		PREIMPORT	A	Begin IMPORT						
20230720	040657225		PREIMPORT	A	Begin IMPORT						
20230720	041157235		PREIMPORT	A	Begin IMPORT						
20230720	041657250		PREIMPORT	A	Begin IMPORT						
20230720	042157261		PREIMPORT	A	Begin IMPORT						
20230720	042657268		PREIMPORT	A	Begin IMPORT						
20230720	043157280		PREIMPORT	A	Begin IMPORT						
20230720	043657296		PREIMPORT	A	Begin IMPORT						
20230720	044157304		PREIMPORT	A	Begin IMPORT						
20230720	044657314		PREIMPORT	A	Begin IMPORT						
20230720	045157333		PREIMPORT	A	Begin IMPORT						
20230720	045657348		PREIMPORT	A	Begin IMPORT						
20230720	050157363		PREIMPORT	A	Begin IMPORT						
20230720	050158004		PREIMPORT	A	BEGIN CREATE TABLE LOG_20230720050158004821B988E						
20230720	050158004		PREIMPORT	A	END CREATE TABLE LOG_20230720050158004821B988E						
20230720	050158270		PREIMPORT	A	BEGIN PROCESS :IMPORTLDAPUSERS						
20230720	050158363		PREIMPORT	A	login ok						
20230720	050158395		PREIMPORT	A	bind ok						
20230720	050158520		PREIMPORT	A	result count 100						
20230720	050158613		PREIMPORT	A	result count 100						
20230720	050158707		PREIMPORT	A	result count 100						
20230720	050158801		PREIMPORT	A	result count 100						
20230720	050158910		PREIMPORT	A	result count 100						
20230720	050159005		PREIMPORT	A	result count 100						
20230720	050159099		PREIMPORT	A	result count 100						
20230720	050159177		PREIMPORT	A	result count 100						
20230720	050159271		PREIMPORT	A	result count 100						
20230720	050159367		PREIMPORT	A	result count 100						
20230720	050159444		PREIMPORT	A	result count 100						
20230720	050159523		PREIMPORT	A	result count 100						
20230720	050159602		PREIMPORT	A	result count 100						
20230720	050159680		PREIMPORT	A	result count 100						
20230720	050159773		PREIMPORT	A	result count 100						
20230720	050159851		PREIMPORT	A	result count 100						
20230720	050159930		PREIMPORT	A	result count 100						
20230720	050200023		PREIMPORT	A	result count 100						
20230720	050200102		PREIMPORT	A	result count 6						
20230720	050200117		PREIMPORT	A	end IMPORTLDAPUSERS						
20230720	050200117		PREIMPORT	A	BEGIN PROCESS :IMPORTLDAPUSERS						
20230720	050200383		PREIMPORT	A	END PROCESS						
20230720	050200383		PREIMPORT	A	BEGIN PROCESS :IMPORTLDAPDisabledUsers						
20230720	050200461		PREIMPORT	A	login ok						
20230720	050200492		PREIMPORT	A	bind ok						
20230720	050200523		PREIMPORT	A	result count 0						
20230720	050200539		PREIMPORT	A	end IMPORTLDAPDisabledUsers						
20230720	050200539		PREIMPORT	A	BEGIN PROCESS :IMPORTLDAPDisabledUsers						
20230720	050200805		PREIMPORT	A	END PROCESS						
20230720	050200836		PREIMPORT	A	BEGIN DROP TABLE LOG_20230720050158004821B988E						
20230720	050201148		PREIMPORT	A	END DROP TABLE LOG_20230720050158004821B988E						
20230720	050201148		PREIMPORT	A	END IMPORT						
20230720	050701174		PREIMPORT	A	Begin IMPORT						
20230720	051201182		PREIMPORT	A	Begin IMPORT						
20230720	051701192		PREIMPORT	A	Begin IMPORT						
20230720	052201200		PREIMPORT	A	Begin IMPORT						
20230720	052701212		PREIMPORT	A	Begin IMPORT						
20230720	053201228		PREIMPORT	A	Begin IMPORT						
20230720	053701237		PREIMPORT	A	Begin IMPORT						
20230720	054201247		PREIMPORT	A	Begin IMPORT						
20230720	054701255		PREIMPORT	A	Begin IMPORT						
20230720	055201262		PREIMPORT	A	Begin IMPORT						
20230720	055701276		PREIMPORT	A	Begin IMPORT						
20230720	060201284		PREIMPORT	A	Begin IMPORT						
20230720	060701294		PREIMPORT	A	Begin IMPORT						
20230720	061201311		PREIMPORT	A	Begin IMPORT						
20230720	061701322		PREIMPORT	A	Begin IMPORT						
20230720	062201339		PREIMPORT	A	Begin IMPORT						
20230720	062701346		PREIMPORT	A	Begin IMPORT						
20230720	063201357		PREIMPORT	A	Begin IMPORT						
20230720	063701374		PREIMPORT	A	Begin IMPORT						
20230720	064201378		PREIMPORT	A	Begin IMPORT						
20230720	064701386		PREIMPORT	A	Begin IMPORT						
20230720	065201397		PREIMPORT	A	Begin IMPORT						
20230720	065701401		PREIMPORT	A	Begin IMPORT						
20230720	070201407		PREIMPORT	A	Begin IMPORT						
20230720	070701420		PREIMPORT	A	Begin IMPORT						
20230720	071201439		PREIMPORT	A	Begin IMPORT						
20230720	071701457		PREIMPORT	A	Begin IMPORT						
20230720	072201462		PREIMPORT	A	Begin IMPORT						
20230720	072701470		PREIMPORT	A	Begin IMPORT						
20230720	073201486		PREIMPORT	A	Begin IMPORT						
20230720	073701491		PREIMPORT	A	Begin IMPORT						
20230720	074201501		PREIMPORT	A	Begin IMPORT						
20230720	074701516		PREIMPORT	A	Begin IMPORT						
20230720	075201526		PREIMPORT	A	Begin IMPORT						
20230720	075701537		PREIMPORT	A	Begin IMPORT						
20230720	080201542		PREIMPORT	A	Begin IMPORT						
20230720	080701550		PREIMPORT	A	Begin IMPORT						
20230720	081201568		PREIMPORT	A	Begin IMPORT						
20230720	081701572		PREIMPORT	A	Begin IMPORT						
20230720	082201588		PREIMPORT	A	Begin IMPORT						
20230720	082701597		PREIMPORT	A	Begin IMPORT						
20230720	083201615		PREIMPORT	A	Begin IMPORT						
20230720	083701619		PREIMPORT	A	Begin IMPORT						
20230720	084201626		PREIMPORT	A	Begin IMPORT						
20230720	084701637		PREIMPORT	A	Begin IMPORT						
20230720	085201645		PREIMPORT	A	Begin IMPORT						
20230720	085701654		PREIMPORT	A	Begin IMPORT						
20230720	090201665		PREIMPORT	A	Begin IMPORT						
20230720	090701680		PREIMPORT	A	Begin IMPORT						
20230720	091201684		PREIMPORT	A	Begin IMPORT						
20230720	091701694		PREIMPORT	A	Begin IMPORT						
20230720	092201699		PREIMPORT	A	Begin IMPORT						
20230720	092701705		PREIMPORT	A	Begin IMPORT						
20230720	093201722		PREIMPORT	A	Begin IMPORT						
20230720	093701731		PREIMPORT	A	Begin IMPORT						
20230720	094201741		PREIMPORT	A	Begin IMPORT						
20230720	094701761		PREIMPORT	A	Begin IMPORT						
20230720	095201775		PREIMPORT	A	Begin IMPORT						
20230720	095701783		PREIMPORT	A	Begin IMPORT						
20230720	100201788		PREIMPORT	A	Begin IMPORT						
20230720	100701806		PREIMPORT	A	Begin IMPORT						
20230720	101201818		PREIMPORT	A	Begin IMPORT						
20230720	101701834		PREIMPORT	A	Begin IMPORT						
20230720	102201842		PREIMPORT	A	Begin IMPORT						
20230720	102701859		PREIMPORT	A	Begin IMPORT						
20230720	103201867		PREIMPORT	A	Begin IMPORT						
20230720	103701884		PREIMPORT	A	Begin IMPORT						
20230720	104201898		PREIMPORT	A	Begin IMPORT						
20230720	104701913		PREIMPORT	A	Begin IMPORT						
20230720	105201920		PREIMPORT	A	Begin IMPORT						
20230720	105701939		PREIMPORT	A	Begin IMPORT						
20230720	110201948		PREIMPORT	A	Begin IMPORT						
20230720	110701966		PREIMPORT	A	Begin IMPORT						
20230720	111201977		PREIMPORT	A	Begin IMPORT						
20230720	111701982		PREIMPORT	A	Begin IMPORT						
20230720	112201989		PREIMPORT	A	Begin IMPORT						
20230720	112702006		PREIMPORT	A	Begin IMPORT						
20230720	113202017		PREIMPORT	A	Begin IMPORT						
20230720	113702024		PREIMPORT	A	Begin IMPORT						
20230720	114202036		PREIMPORT	A	Begin IMPORT						
20230720	114702050		PREIMPORT	A	Begin IMPORT						
20230720	115202053		PREIMPORT	A	Begin IMPORT						
20230720	115702070		PREIMPORT	A	Begin IMPORT						
20230720	120201952		PREIMPORT	A	Begin IMPORT						
20230720	120701959		PREIMPORT	A	Begin IMPORT						
20230720	121201975		PREIMPORT	A	Begin IMPORT						
20230720	121701994		PREIMPORT	A	Begin IMPORT						
20230720	122202001		PREIMPORT	A	Begin IMPORT						
20230720	122702007		PREIMPORT	A	Begin IMPORT						
20230720	123202024		PREIMPORT	A	Begin IMPORT						
20230720	123702034		PREIMPORT	A	Begin IMPORT						
20230720	124202045		PREIMPORT	A	Begin IMPORT						
20230720	124702050		PREIMPORT	A	Begin IMPORT						
20230720	125202069		PREIMPORT	A	Begin IMPORT						
20230720	125702073		PREIMPORT	A	Begin IMPORT						
20230720	130202082		PREIMPORT	A	Begin IMPORT						
20230720	130702090		PREIMPORT	A	Begin IMPORT						
20230720	131202100		PREIMPORT	A	Begin IMPORT						
20230720	131702108		PREIMPORT	A	Begin IMPORT						
20230720	132202125		PREIMPORT	A	Begin IMPORT						
20230720	132702136		PREIMPORT	A	Begin IMPORT						
20230720	133202149		PREIMPORT	A	Begin IMPORT						
20230720	133702161		PREIMPORT	A	Begin IMPORT						
20230720	134202176		PREIMPORT	A	Begin IMPORT						
20230720	134702179		PREIMPORT	A	Begin IMPORT						
20230720	135202185		PREIMPORT	A	Begin IMPORT						
20230720	135702203		PREIMPORT	A	Begin IMPORT						
20230720	140202207		PREIMPORT	A	Begin IMPORT						
20230720	140702217		PREIMPORT	A	Begin IMPORT						
20230720	141202227		PREIMPORT	A	Begin IMPORT						
20230720	141702238		PREIMPORT	A	Begin IMPORT						
20230720	142202241		PREIMPORT	A	Begin IMPORT						
20230720	142702260		PREIMPORT	A	Begin IMPORT						
20230720	143202274		PREIMPORT	A	Begin IMPORT						
20230720	143702281		PREIMPORT	A	Begin IMPORT						
20230720	144202294		PREIMPORT	A	Begin IMPORT						
20230720	144702298		PREIMPORT	A	Begin IMPORT						
20230720	145202302		PREIMPORT	A	Begin IMPORT						
20230720	145702309		PREIMPORT	A	Begin IMPORT						
20230720	150202318		PREIMPORT	A	Begin IMPORT						
20230720	150702333		PREIMPORT	A	Begin IMPORT						
20230720	151202341		PREIMPORT	A	Begin IMPORT						
20230720	151702353		PREIMPORT	A	Begin IMPORT						
20230720	152202361		PREIMPORT	A	Begin IMPORT						
20230720	152702368		PREIMPORT	A	Begin IMPORT						
20230720	153202384		PREIMPORT	A	Begin IMPORT						
20230720	153702392		PREIMPORT	A	Begin IMPORT						
20230720	154202399		PREIMPORT	A	Begin IMPORT						
20230720	154702414		PREIMPORT	A	Begin IMPORT						
20230720	155202427		PREIMPORT	A	Begin IMPORT						
20230720	155702441		PREIMPORT	A	Begin IMPORT						
20230720	160202453		PREIMPORT	A	Begin IMPORT						
20230720	160702471		PREIMPORT	A	Begin IMPORT						
20230720	161202476		PREIMPORT	A	Begin IMPORT						
20230720	161702491		PREIMPORT	A	Begin IMPORT						
20230720	162202502		PREIMPORT	A	Begin IMPORT						
20230720	162702510		PREIMPORT	A	Begin IMPORT						
20230720	163202514		PREIMPORT	A	Begin IMPORT						
20230720	163702521		PREIMPORT	A	Begin IMPORT						
20230720	164202539		PREIMPORT	A	Begin IMPORT						
20230720	164702555		PREIMPORT	A	Begin IMPORT						
20230720	165202561		PREIMPORT	A	Begin IMPORT						
20230720	165702578		PREIMPORT	A	Begin IMPORT						
20230720	170202582		PREIMPORT	A	Begin IMPORT						
20230720	170702594		PREIMPORT	A	Begin IMPORT						
20230720	171202604		PREIMPORT	A	Begin IMPORT						
20230720	171702608		PREIMPORT	A	Begin IMPORT						
20230720	172202615		PREIMPORT	A	Begin IMPORT						
20230720	172702619		PREIMPORT	A	Begin IMPORT						
20230720	173202636		PREIMPORT	A	Begin IMPORT						
20230720	173702651		PREIMPORT	A	Begin IMPORT						
20230720	174202668		PREIMPORT	A	Begin IMPORT						
20230720	174702677		PREIMPORT	A	Begin IMPORT						
20230720	175202683		PREIMPORT	A	Begin IMPORT						
20230720	175702692		PREIMPORT	A	Begin IMPORT						
20230720	180202702		PREIMPORT	A	Begin IMPORT						
20230720	180702709		PREIMPORT	A	Begin IMPORT						
20230720	181202726		PREIMPORT	A	Begin IMPORT						
20230720	181702739		PREIMPORT	A	Begin IMPORT						
20230720	182202746		PREIMPORT	A	Begin IMPORT						
20230720	182702750		PREIMPORT	A	Begin IMPORT						
20230720	183202754		PREIMPORT	A	Begin IMPORT						
20230720	183702763		PREIMPORT	A	Begin IMPORT						
20230720	184202781		PREIMPORT	A	Begin IMPORT						
20230720	184702790		PREIMPORT	A	Begin IMPORT						
20230720	185202796		PREIMPORT	A	Begin IMPORT						
20230720	185702800		PREIMPORT	A	Begin IMPORT						
20230720	190202813		PREIMPORT	A	Begin IMPORT						
20230720	190702823		PREIMPORT	A	Begin IMPORT						
20230720	191202831		PREIMPORT	A	Begin IMPORT						
20230720	191702850		PREIMPORT	A	Begin IMPORT						
20230720	192202868		PREIMPORT	A	Begin IMPORT						
20230720	192702876		PREIMPORT	A	Begin IMPORT						
20230720	193202883		PREIMPORT	A	Begin IMPORT						
20230720	193702902		PREIMPORT	A	Begin IMPORT						
20230720	194202906		PREIMPORT	A	Begin IMPORT						
20230720	194702914		PREIMPORT	A	Begin IMPORT						
20230720	195202925		PREIMPORT	A	Begin IMPORT						
20230720	195702934		PREIMPORT	A	Begin IMPORT						
20230720	200202940		PREIMPORT	A	Begin IMPORT						
20230720	200702957		PREIMPORT	A	Begin IMPORT						
20230720	201202974		PREIMPORT	A	Begin IMPORT						
20230720	201702984		PREIMPORT	A	Begin IMPORT						
20230720	202203000		PREIMPORT	A	Begin IMPORT						
20230720	202703018		PREIMPORT	A	Begin IMPORT						
20230720	203203029		PREIMPORT	A	Begin IMPORT						
20230720	203703043		PREIMPORT	A	Begin IMPORT						
20230720	204203059		PREIMPORT	A	Begin IMPORT						
20230720	204703063		PREIMPORT	A	Begin IMPORT						
20230720	205203082		PREIMPORT	A	Begin IMPORT						
20230720	205703091		PREIMPORT	A	Begin IMPORT						
20230720	210203102		PREIMPORT	A	Begin IMPORT						
20230720	210703108		PREIMPORT	A	Begin IMPORT						
20230720	211203115		PREIMPORT	A	Begin IMPORT						
20230720	211703126		PREIMPORT	A	Begin IMPORT						
20230720	212203144		PREIMPORT	A	Begin IMPORT						
20230720	212703154		PREIMPORT	A	Begin IMPORT						
20230720	213203168		PREIMPORT	A	Begin IMPORT						
20230720	213703182		PREIMPORT	A	Begin IMPORT						
20230720	214203190		PREIMPORT	A	Begin IMPORT						
20230720	214703197		PREIMPORT	A	Begin IMPORT						
20230720	215203214		PREIMPORT	A	Begin IMPORT						
20230720	215703225		PREIMPORT	A	Begin IMPORT						
20230720	220203234		PREIMPORT	A	Begin IMPORT						
20230720	220703245		PREIMPORT	A	Begin IMPORT						
20230720	221203248		PREIMPORT	A	Begin IMPORT						
20230720	221703259		PREIMPORT	A	Begin IMPORT						
20230720	222203266		PREIMPORT	A	Begin IMPORT						
20230720	222703283		PREIMPORT	A	Begin IMPORT						
20230720	223203292		PREIMPORT	A	Begin IMPORT						
20230720	223703304		PREIMPORT	A	Begin IMPORT						
20230720	224203316		PREIMPORT	A	Begin IMPORT						
20230720	224703324		PREIMPORT	A	Begin IMPORT						
20230720	225203336		PREIMPORT	A	Begin IMPORT						
20230720	225703340		PREIMPORT	A	Begin IMPORT						
20230720	230203357		PREIMPORT	A	Begin IMPORT						
20230720	230703363		PREIMPORT	A	Begin IMPORT						
20230720	231203373		PREIMPORT	A	Begin IMPORT						
20230720	231703389		PREIMPORT	A	Begin IMPORT						
20230720	232203404		PREIMPORT	A	Begin IMPORT						
20230720	232703421		PREIMPORT	A	Begin IMPORT						
20230720	233203434		PREIMPORT	A	Begin IMPORT						
20230720	233703440		PREIMPORT	A	Begin IMPORT						
20230720	234203452		PREIMPORT	A	Begin IMPORT						
20230720	234703458		PREIMPORT	A	Begin IMPORT						
20230720	235203466		PREIMPORT	A	Begin IMPORT						
20230720	235703478		PREIMPORT	A	Begin IMPORT						
20230721	000203372		PREIMPORT	A	Begin IMPORT						
