20230723	000716579		PREIMPORT	A	Begin IMPORT						
20230723	001216591		PREIMPORT	A	Begin IMPORT						
20230723	001716603		PREIMPORT	A	Begin IMPORT						
20230723	002216618		PREIMPORT	A	Begin IMPORT						
20230723	002716623		PREIMPORT	A	Begin IMPORT						
20230723	003216642		PREIMPORT	A	Begin IMPORT						
20230723	003716657		PREIMPORT	A	Begin IMPORT						
20230723	004216663		PREIMPORT	A	Begin IMPORT						
20230723	004716667		PREIMPORT	A	Begin IMPORT						
20230723	005216683		PREIMPORT	A	Begin IMPORT						
20230723	005716693		PREIMPORT	A	Begin IMPORT						
20230723	010216706		PREIMPORT	A	Begin IMPORT						
20230723	010716711		PREIMPORT	A	Begin IMPORT						
20230723	011216722		PREIMPORT	A	Begin IMPORT						
20230723	011716729		PREIMPORT	A	Begin IMPORT						
20230723	012216743		PREIMPORT	A	Begin IMPORT						
20230723	012716760		PREIMPORT	A	Begin IMPORT						
20230723	013216764		PREIMPORT	A	Begin IMPORT						
20230723	013716776		PREIMPORT	A	Begin IMPORT						
20230723	014216781		PREIMPORT	A	Begin IMPORT						
20230723	014716787		PREIMPORT	A	Begin IMPORT						
20230723	015216797		PREIMPORT	A	Begin IMPORT						
20230723	015716803		PREIMPORT	A	Begin IMPORT						
20230723	020216820		PREIMPORT	A	Begin IMPORT						
20230723	020716836		PREIMPORT	A	Begin IMPORT						
20230723	021216844		PREIMPORT	A	Begin IMPORT						
20230723	021716852		PREIMPORT	A	Begin IMPORT						
20230723	022216862		PREIMPORT	A	Begin IMPORT						
20230723	022716871		PREIMPORT	A	Begin IMPORT						
20230723	023216889		PREIMPORT	A	Begin IMPORT						
20230723	023716893		PREIMPORT	A	Begin IMPORT						
20230723	024216897		PREIMPORT	A	Begin IMPORT						
20230723	024716915		PREIMPORT	A	Begin IMPORT						
20230723	025216925		PREIMPORT	A	Begin IMPORT						
20230723	025716939		PREIMPORT	A	Begin IMPORT						
20230723	030216949		PREIMPORT	A	Begin IMPORT						
20230723	030716956		PREIMPORT	A	Begin IMPORT						
20230723	031216967		PREIMPORT	A	Begin IMPORT						
20230723	031716972		PREIMPORT	A	Begin IMPORT						
20230723	032216983		PREIMPORT	A	Begin IMPORT						
20230723	032716997		PREIMPORT	A	Begin IMPORT						
20230723	033217013		PREIMPORT	A	Begin IMPORT						
20230723	033717026		PREIMPORT	A	Begin IMPORT						
20230723	034217042		PREIMPORT	A	Begin IMPORT						
20230723	034717059		PREIMPORT	A	Begin IMPORT						
20230723	035217065		PREIMPORT	A	Begin IMPORT						
20230723	035717071		PREIMPORT	A	Begin IMPORT						
20230723	040217083		PREIMPORT	A	Begin IMPORT						
20230723	040717090		PREIMPORT	A	Begin IMPORT						
20230723	041217095		PREIMPORT	A	Begin IMPORT						
20230723	041717109		PREIMPORT	A	Begin IMPORT						
20230723	042217116		PREIMPORT	A	Begin IMPORT						
20230723	042717128		PREIMPORT	A	Begin IMPORT						
20230723	043217132		PREIMPORT	A	Begin IMPORT						
20230723	043717136		PREIMPORT	A	Begin IMPORT						
20230723	044217154		PREIMPORT	A	Begin IMPORT						
20230723	044717157		PREIMPORT	A	Begin IMPORT						
20230723	045217174		PREIMPORT	A	Begin IMPORT						
20230723	045717187		PREIMPORT	A	Begin IMPORT						
20230723	050217197		PREIMPORT	A	Begin IMPORT						
20230723	050217839		PREIMPORT	A	BEGIN CREATE TABLE LOG_20230723050217839CD2F34C9						
20230723	050217839		PREIMPORT	A	END CREATE TABLE LOG_20230723050217839CD2F34C9						
20230723	050217839		PREIMPORT	A	BEGIN PROCESS :IMPORTLDAPUSERS						
20230723	050217964		PREIMPORT	A	login ok						
20230723	050217995		PREIMPORT	A	bind ok						
20230723	050218105		PREIMPORT	A	result count 100						
20230723	050218199		PREIMPORT	A	result count 100						
20230723	050218292		PREIMPORT	A	result count 100						
20230723	050218387		PREIMPORT	A	result count 100						
20230723	050218512		PREIMPORT	A	result count 100						
20230723	050218590		PREIMPORT	A	result count 100						
20230723	050218684		PREIMPORT	A	result count 100						
20230723	050218778		PREIMPORT	A	result count 100						
20230723	050218872		PREIMPORT	A	result count 100						
20230723	050218950		PREIMPORT	A	result count 100						
20230723	050219044		PREIMPORT	A	result count 100						
20230723	050219122		PREIMPORT	A	result count 100						
20230723	050219200		PREIMPORT	A	result count 100						
20230723	050219278		PREIMPORT	A	result count 100						
20230723	050219356		PREIMPORT	A	result count 100						
20230723	050219450		PREIMPORT	A	result count 100						
20230723	050219528		PREIMPORT	A	result count 100						
20230723	050219622		PREIMPORT	A	result count 100						
20230723	050219684		PREIMPORT	A	result count 8						
20230723	050219700		PREIMPORT	A	end IMPORTLDAPUSERS						
20230723	050219700		PREIMPORT	A	BEGIN PROCESS :IMPORTLDAPUSERS						
20230723	050219965		PREIMPORT	A	END PROCESS						
20230723	050219965		PREIMPORT	A	BEGIN PROCESS :IMPORTLDAPDisabledUsers						
20230723	050220061		PREIMPORT	A	login ok						
20230723	050220092		PREIMPORT	A	bind ok						
20230723	050220123		PREIMPORT	A	result count 0						
20230723	050220139		PREIMPORT	A	end IMPORTLDAPDisabledUsers						
20230723	050220139		PREIMPORT	A	BEGIN PROCESS :IMPORTLDAPDisabledUsers						
20230723	050220406		PREIMPORT	A	END PROCESS						
20230723	050220437		PREIMPORT	A	BEGIN DROP TABLE LOG_20230723050217839CD2F34C9						
20230723	050220765		PREIMPORT	A	END DROP TABLE LOG_20230723050217839CD2F34C9						
20230723	050220765		PREIMPORT	A	END IMPORT						
20230723	050720780		PREIMPORT	A	Begin IMPORT						
20230723	051220789		PREIMPORT	A	Begin IMPORT						
20230723	051720802		PREIMPORT	A	Begin IMPORT						
20230723	052220821		PREIMPORT	A	Begin IMPORT						
20230723	052720827		PREIMPORT	A	Begin IMPORT						
20230723	053220836		PREIMPORT	A	Begin IMPORT						
20230723	053720841		PREIMPORT	A	Begin IMPORT						
20230723	054220853		PREIMPORT	A	Begin IMPORT						
20230723	054720868		PREIMPORT	A	Begin IMPORT						
20230723	055220880		PREIMPORT	A	Begin IMPORT						
20230723	055720885		PREIMPORT	A	Begin IMPORT						
20230723	060220903		PREIMPORT	A	Begin IMPORT						
20230723	060720910		PREIMPORT	A	Begin IMPORT						
20230723	061220924		PREIMPORT	A	Begin IMPORT						
20230723	061720934		PREIMPORT	A	Begin IMPORT						
20230723	062220944		PREIMPORT	A	Begin IMPORT						
20230723	062720963		PREIMPORT	A	Begin IMPORT						
20230723	063220972		PREIMPORT	A	Begin IMPORT						
20230723	063720986		PREIMPORT	A	Begin IMPORT						
20230723	064221001		PREIMPORT	A	Begin IMPORT						
20230723	064721017		PREIMPORT	A	Begin IMPORT						
20230723	065221026		PREIMPORT	A	Begin IMPORT						
20230723	065721041		PREIMPORT	A	Begin IMPORT						
20230723	070221058		PREIMPORT	A	Begin IMPORT						
20230723	070721064		PREIMPORT	A	Begin IMPORT						
20230723	071221070		PREIMPORT	A	Begin IMPORT						
20230723	071721092		PREIMPORT	A	Begin IMPORT						
20230723	072221097		PREIMPORT	A	Begin IMPORT						
20230723	072721114		PREIMPORT	A	Begin IMPORT						
20230723	073221128		PREIMPORT	A	Begin IMPORT						
20230723	073721133		PREIMPORT	A	Begin IMPORT						
20230723	074221141		PREIMPORT	A	Begin IMPORT						
20230723	074721159		PREIMPORT	A	Begin IMPORT						
20230723	075221173		PREIMPORT	A	Begin IMPORT						
20230723	075721178		PREIMPORT	A	Begin IMPORT						
20230723	080221196		PREIMPORT	A	Begin IMPORT						
20230723	080721201		PREIMPORT	A	Begin IMPORT						
20230723	081221210		PREIMPORT	A	Begin IMPORT						
20230723	081721214		PREIMPORT	A	Begin IMPORT						
20230723	082221226		PREIMPORT	A	Begin IMPORT						
20230723	082721236		PREIMPORT	A	Begin IMPORT						
20230723	083221253		PREIMPORT	A	Begin IMPORT						
20230723	083721267		PREIMPORT	A	Begin IMPORT						
20230723	084221272		PREIMPORT	A	Begin IMPORT						
20230723	084721284		PREIMPORT	A	Begin IMPORT						
20230723	085221291		PREIMPORT	A	Begin IMPORT						
20230723	085721301		PREIMPORT	A	Begin IMPORT						
20230723	090221316		PREIMPORT	A	Begin IMPORT						
20230723	090721335		PREIMPORT	A	Begin IMPORT						
20230723	091221346		PREIMPORT	A	Begin IMPORT						
20230723	091721351		PREIMPORT	A	Begin IMPORT						
20230723	092221357		PREIMPORT	A	Begin IMPORT						
20230723	092721365		PREIMPORT	A	Begin IMPORT						
20230723	093221378		PREIMPORT	A	Begin IMPORT						
20230723	093721395		PREIMPORT	A	Begin IMPORT						
20230723	094221413		PREIMPORT	A	Begin IMPORT						
20230723	094721424		PREIMPORT	A	Begin IMPORT						
20230723	095221436		PREIMPORT	A	Begin IMPORT						
20230723	095721441		PREIMPORT	A	Begin IMPORT						
20230723	100221450		PREIMPORT	A	Begin IMPORT						
20230723	100721467		PREIMPORT	A	Begin IMPORT						
20230723	101221481		PREIMPORT	A	Begin IMPORT						
20230723	101721498		PREIMPORT	A	Begin IMPORT						
20230723	102221503		PREIMPORT	A	Begin IMPORT						
20230723	102721515		PREIMPORT	A	Begin IMPORT						
20230723	103221519		PREIMPORT	A	Begin IMPORT						
20230723	103721524		PREIMPORT	A	Begin IMPORT						
20230723	104221528		PREIMPORT	A	Begin IMPORT						
20230723	104721538		PREIMPORT	A	Begin IMPORT						
20230723	105221544		PREIMPORT	A	Begin IMPORT						
20230723	105721561		PREIMPORT	A	Begin IMPORT						
20230723	110221579		PREIMPORT	A	Begin IMPORT						
20230723	110721586		PREIMPORT	A	Begin IMPORT						
20230723	111221594		PREIMPORT	A	Begin IMPORT						
20230723	111721612		PREIMPORT	A	Begin IMPORT						
20230723	112221622		PREIMPORT	A	Begin IMPORT						
20230723	112721640		PREIMPORT	A	Begin IMPORT						
20230723	113221658		PREIMPORT	A	Begin IMPORT						
20230723	113721677		PREIMPORT	A	Begin IMPORT						
20230723	114221685		PREIMPORT	A	Begin IMPORT						
20230723	114721690		PREIMPORT	A	Begin IMPORT						
20230723	115221695		PREIMPORT	A	Begin IMPORT						
20230723	115721712		PREIMPORT	A	Begin IMPORT						
20230723	120221566		PREIMPORT	A	Begin IMPORT						
20230723	120721572		PREIMPORT	A	Begin IMPORT						
20230723	121221580		PREIMPORT	A	Begin IMPORT						
20230723	121721595		PREIMPORT	A	Begin IMPORT						
20230723	122221609		PREIMPORT	A	Begin IMPORT						
20230723	122721628		PREIMPORT	A	Begin IMPORT						
20230723	123221639		PREIMPORT	A	Begin IMPORT						
20230723	123721657		PREIMPORT	A	Begin IMPORT						
20230723	124221664		PREIMPORT	A	Begin IMPORT						
20230723	124721681		PREIMPORT	A	Begin IMPORT						
20230723	125221685		PREIMPORT	A	Begin IMPORT						
20230723	125721698		PREIMPORT	A	Begin IMPORT						
20230723	130221703		PREIMPORT	A	Begin IMPORT						
20230723	130721718		PREIMPORT	A	Begin IMPORT						
20230723	131221734		PREIMPORT	A	Begin IMPORT						
20230723	131721748		PREIMPORT	A	Begin IMPORT						
20230723	132221752		PREIMPORT	A	Begin IMPORT						
20230723	132721759		PREIMPORT	A	Begin IMPORT						
20230723	133221771		PREIMPORT	A	Begin IMPORT						
20230723	133721778		PREIMPORT	A	Begin IMPORT						
20230723	134221787		PREIMPORT	A	Begin IMPORT						
20230723	134721795		PREIMPORT	A	Begin IMPORT						
20230723	135221813		PREIMPORT	A	Begin IMPORT						
20230723	135721827		PREIMPORT	A	Begin IMPORT						
20230723	140221831		PREIMPORT	A	Begin IMPORT						
20230723	140721837		PREIMPORT	A	Begin IMPORT						
20230723	141221855		PREIMPORT	A	Begin IMPORT						
20230723	141721863		PREIMPORT	A	Begin IMPORT						
20230723	142221867		PREIMPORT	A	Begin IMPORT						
20230723	142721882		PREIMPORT	A	Begin IMPORT						
20230723	143221890		PREIMPORT	A	Begin IMPORT						
20230723	143721897		PREIMPORT	A	Begin IMPORT						
20230723	144221910		PREIMPORT	A	Begin IMPORT						
20230723	144721927		PREIMPORT	A	Begin IMPORT						
20230723	145221940		PREIMPORT	A	Begin IMPORT						
20230723	145721948		PREIMPORT	A	Begin IMPORT						
20230723	150221967		PREIMPORT	A	Begin IMPORT						
20230723	150721973		PREIMPORT	A	Begin IMPORT						
20230723	151221977		PREIMPORT	A	Begin IMPORT						
20230723	151721990		PREIMPORT	A	Begin IMPORT						
20230723	152222003		PREIMPORT	A	Begin IMPORT						
20230723	152722020		PREIMPORT	A	Begin IMPORT						
20230723	153222034		PREIMPORT	A	Begin IMPORT						
20230723	153722042		PREIMPORT	A	Begin IMPORT						
20230723	154222050		PREIMPORT	A	Begin IMPORT						
20230723	154722055		PREIMPORT	A	Begin IMPORT						
20230723	155222068		PREIMPORT	A	Begin IMPORT						
20230723	155722072		PREIMPORT	A	Begin IMPORT						
20230723	160222087		PREIMPORT	A	Begin IMPORT						
20230723	160722104		PREIMPORT	A	Begin IMPORT						
20230723	161222123		PREIMPORT	A	Begin IMPORT						
20230723	161722133		PREIMPORT	A	Begin IMPORT						
20230723	162222149		PREIMPORT	A	Begin IMPORT						
20230723	162722161		PREIMPORT	A	Begin IMPORT						
20230723	163222171		PREIMPORT	A	Begin IMPORT						
20230723	163722183		PREIMPORT	A	Begin IMPORT						
20230723	164222188		PREIMPORT	A	Begin IMPORT						
20230723	164722205		PREIMPORT	A	Begin IMPORT						
20230723	165222213		PREIMPORT	A	Begin IMPORT						
20230723	165722226		PREIMPORT	A	Begin IMPORT						
20230723	170222240		PREIMPORT	A	Begin IMPORT						
20230723	170722255		PREIMPORT	A	Begin IMPORT						
20230723	171222269		PREIMPORT	A	Begin IMPORT						
20230723	171722276		PREIMPORT	A	Begin IMPORT						
20230723	172222282		PREIMPORT	A	Begin IMPORT						
20230723	172722287		PREIMPORT	A	Begin IMPORT						
20230723	173222296		PREIMPORT	A	Begin IMPORT						
20230723	173722305		PREIMPORT	A	Begin IMPORT						
20230723	174222310		PREIMPORT	A	Begin IMPORT						
20230723	174722318		PREIMPORT	A	Begin IMPORT						
20230723	175222334		PREIMPORT	A	Begin IMPORT						
20230723	175722339		PREIMPORT	A	Begin IMPORT						
20230723	180222356		PREIMPORT	A	Begin IMPORT						
20230723	180722364		PREIMPORT	A	Begin IMPORT						
20230723	181222375		PREIMPORT	A	Begin IMPORT						
20230723	181722388		PREIMPORT	A	Begin IMPORT						
20230723	182222391		PREIMPORT	A	Begin IMPORT						
20230723	182722402		PREIMPORT	A	Begin IMPORT						
20230723	183222409		PREIMPORT	A	Begin IMPORT						
20230723	183722421		PREIMPORT	A	Begin IMPORT						
20230723	184222425		PREIMPORT	A	Begin IMPORT						
20230723	184722442		PREIMPORT	A	Begin IMPORT						
20230723	185222451		PREIMPORT	A	Begin IMPORT						
20230723	185722457		PREIMPORT	A	Begin IMPORT						
20230723	190222461		PREIMPORT	A	Begin IMPORT						
20230723	190722472		PREIMPORT	A	Begin IMPORT						
20230723	191222486		PREIMPORT	A	Begin IMPORT						
20230723	191722498		PREIMPORT	A	Begin IMPORT						
20230723	192222511		PREIMPORT	A	Begin IMPORT						
20230723	192722528		PREIMPORT	A	Begin IMPORT						
20230723	193222543		PREIMPORT	A	Begin IMPORT						
20230723	193722554		PREIMPORT	A	Begin IMPORT						
20230723	194222559		PREIMPORT	A	Begin IMPORT						
20230723	194722578		PREIMPORT	A	Begin IMPORT						
20230723	195222586		PREIMPORT	A	Begin IMPORT						
20230723	195722603		PREIMPORT	A	Begin IMPORT						
20230723	200222609		PREIMPORT	A	Begin IMPORT						
20230723	200722616		PREIMPORT	A	Begin IMPORT						
20230723	201222625		PREIMPORT	A	Begin IMPORT						
20230723	201722638		PREIMPORT	A	Begin IMPORT						
20230723	202222649		PREIMPORT	A	Begin IMPORT						
20230723	202722668		PREIMPORT	A	Begin IMPORT						
20230723	203222680		PREIMPORT	A	Begin IMPORT						
20230723	203722692		PREIMPORT	A	Begin IMPORT						
20230723	204222701		PREIMPORT	A	Begin IMPORT						
20230723	204722708		PREIMPORT	A	Begin IMPORT						
20230723	205222721		PREIMPORT	A	Begin IMPORT						
20230723	205722736		PREIMPORT	A	Begin IMPORT						
20230723	210222755		PREIMPORT	A	Begin IMPORT						
20230723	210722766		PREIMPORT	A	Begin IMPORT						
20230723	211222783		PREIMPORT	A	Begin IMPORT						
20230723	211722790		PREIMPORT	A	Begin IMPORT						
20230723	212222799		PREIMPORT	A	Begin IMPORT						
20230723	212722815		PREIMPORT	A	Begin IMPORT						
20230723	213222823		PREIMPORT	A	Begin IMPORT						
20230723	213722834		PREIMPORT	A	Begin IMPORT						
20230723	214222843		PREIMPORT	A	Begin IMPORT						
20230723	214722860		PREIMPORT	A	Begin IMPORT						
20230723	215222866		PREIMPORT	A	Begin IMPORT						
20230723	215722870		PREIMPORT	A	Begin IMPORT						
20230723	220222884		PREIMPORT	A	Begin IMPORT						
20230723	220722901		PREIMPORT	A	Begin IMPORT						
20230723	221222913		PREIMPORT	A	Begin IMPORT						
20230723	221722925		PREIMPORT	A	Begin IMPORT						
20230723	222222935		PREIMPORT	A	Begin IMPORT						
20230723	222722953		PREIMPORT	A	Begin IMPORT						
20230723	223222964		PREIMPORT	A	Begin IMPORT						
20230723	223722977		PREIMPORT	A	Begin IMPORT						
20230723	224222994		PREIMPORT	A	Begin IMPORT						
20230723	224723010		PREIMPORT	A	Begin IMPORT						
20230723	225223015		PREIMPORT	A	Begin IMPORT						
20230723	225723030		PREIMPORT	A	Begin IMPORT						
20230723	230223047		PREIMPORT	A	Begin IMPORT						
20230723	230723051		PREIMPORT	A	Begin IMPORT						
20230723	231223068		PREIMPORT	A	Begin IMPORT						
20230723	231723085		PREIMPORT	A	Begin IMPORT						
20230723	232223094		PREIMPORT	A	Begin IMPORT						
20230723	232723112		PREIMPORT	A	Begin IMPORT						
20230723	233223116		PREIMPORT	A	Begin IMPORT						
20230723	233723125		PREIMPORT	A	Begin IMPORT						
20230723	234223129		PREIMPORT	A	Begin IMPORT						
20230723	234723135		PREIMPORT	A	Begin IMPORT						
20230723	235223153		PREIMPORT	A	Begin IMPORT						
20230723	235723167		PREIMPORT	A	Begin IMPORT						
20230724	000223051		PREIMPORT	A	Begin IMPORT						
