20230719	000650027		PREIMPORT	A	Begin IMPORT						
20230719	001150044		PREIMPORT	A	Begin IMPORT						
20230719	001650050		PREIMPORT	A	Begin IMPORT						
20230719	002150065		PREIMPORT	A	Begin IMPORT						
20230719	002650078		PREIMPORT	A	Begin IMPORT						
20230719	003150088		PREIMPORT	A	Begin IMPORT						
20230719	003650096		PREIMPORT	A	Begin IMPORT						
20230719	004150113		PREIMPORT	A	Begin IMPORT						
20230719	004650125		PREIMPORT	A	Begin IMPORT						
20230719	005150130		PREIMPORT	A	Begin IMPORT						
20230719	005650134		PREIMPORT	A	Begin IMPORT						
20230719	010150145		PREIMPORT	A	Begin IMPORT						
20230719	010650160		PREIMPORT	A	Begin IMPORT						
20230719	011150169		PREIMPORT	A	Begin IMPORT						
20230719	011650175		PREIMPORT	A	Begin IMPORT						
20230719	012150182		PREIMPORT	A	Begin IMPORT						
20230719	012650198		PREIMPORT	A	Begin IMPORT						
20230719	013150202		PREIMPORT	A	Begin IMPORT						
20230719	013650215		PREIMPORT	A	Begin IMPORT						
20230719	014150218		PREIMPORT	A	Begin IMPORT						
20230719	014650237		PREIMPORT	A	Begin IMPORT						
20230719	015150251		PREIMPORT	A	Begin IMPORT						
20230719	015650257		PREIMPORT	A	Begin IMPORT						
20230719	020150267		PREIMPORT	A	Begin IMPORT						
20230719	020650280		PREIMPORT	A	Begin IMPORT						
20230719	021150293		PREIMPORT	A	Begin IMPORT						
20230719	021650308		PREIMPORT	A	Begin IMPORT						
20230719	022150316		PREIMPORT	A	Begin IMPORT						
20230719	022650331		PREIMPORT	A	Begin IMPORT						
20230719	023150341		PREIMPORT	A	Begin IMPORT						
20230719	023650357		PREIMPORT	A	Begin IMPORT						
20230719	024150365		PREIMPORT	A	Begin IMPORT						
20230719	024650375		PREIMPORT	A	Begin IMPORT						
20230719	025150384		PREIMPORT	A	Begin IMPORT						
20230719	025650402		PREIMPORT	A	Begin IMPORT						
20230719	030150419		PREIMPORT	A	Begin IMPORT						
20230719	030650427		PREIMPORT	A	Begin IMPORT						
20230719	031150441		PREIMPORT	A	Begin IMPORT						
20230719	031650448		PREIMPORT	A	Begin IMPORT						
20230719	032150462		PREIMPORT	A	Begin IMPORT						
20230719	032650476		PREIMPORT	A	Begin IMPORT						
20230719	033150495		PREIMPORT	A	Begin IMPORT						
20230719	033650505		PREIMPORT	A	Begin IMPORT						
20230719	034150523		PREIMPORT	A	Begin IMPORT						
20230719	034650538		PREIMPORT	A	Begin IMPORT						
20230719	035150552		PREIMPORT	A	Begin IMPORT						
20230719	035650562		PREIMPORT	A	Begin IMPORT						
20230719	040150567		PREIMPORT	A	Begin IMPORT						
20230719	040650585		PREIMPORT	A	Begin IMPORT						
20230719	041150595		PREIMPORT	A	Begin IMPORT						
20230719	041650606		PREIMPORT	A	Begin IMPORT						
20230719	042150613		PREIMPORT	A	Begin IMPORT						
20230719	042650623		PREIMPORT	A	Begin IMPORT						
20230719	043150628		PREIMPORT	A	Begin IMPORT						
20230719	043650640		PREIMPORT	A	Begin IMPORT						
20230719	044150651		PREIMPORT	A	Begin IMPORT						
20230719	044650664		PREIMPORT	A	Begin IMPORT						
20230719	045150678		PREIMPORT	A	Begin IMPORT						
20230719	045650689		PREIMPORT	A	Begin IMPORT						
20230719	050150694		PREIMPORT	A	Begin IMPORT						
20230719	050151329		PREIMPORT	A	BEGIN CREATE TABLE LOG_2023071905015132924B55FED						
20230719	050151345		PREIMPORT	A	END CREATE TABLE LOG_2023071905015132924B55FED						
20230719	050151345		PREIMPORT	A	BEGIN PROCESS :IMPORTLDAPUSERS						
20230719	050151454		PREIMPORT	A	login ok						
20230719	050151485		PREIMPORT	A	bind ok						
20230719	050151626		PREIMPORT	A	result count 100						
20230719	050151735		PREIMPORT	A	result count 100						
20230719	050151829		PREIMPORT	A	result count 100						
20230719	050151923		PREIMPORT	A	result count 100						
20230719	050152048		PREIMPORT	A	result count 100						
20230719	050152141		PREIMPORT	A	result count 100						
20230719	050152251		PREIMPORT	A	result count 100						
20230719	050152345		PREIMPORT	A	result count 100						
20230719	050152454		PREIMPORT	A	result count 100						
20230719	050152542		PREIMPORT	A	result count 100						
20230719	050152621		PREIMPORT	A	result count 100						
20230719	050152699		PREIMPORT	A	result count 100						
20230719	050152792		PREIMPORT	A	result count 100						
20230719	050152871		PREIMPORT	A	result count 100						
20230719	050152949		PREIMPORT	A	result count 100						
20230719	050153027		PREIMPORT	A	result count 100						
20230719	050153121		PREIMPORT	A	result count 100						
20230719	050153199		PREIMPORT	A	result count 100						
20230719	050153261		PREIMPORT	A	result count 3						
20230719	050153294		PREIMPORT	A	end IMPORTLDAPUSERS						
20230719	050153294		PREIMPORT	A	BEGIN PROCESS :IMPORTLDAPUSERS						
20230719	050153553		PREIMPORT	A	END PROCESS						
20230719	050153553		PREIMPORT	A	BEGIN PROCESS :IMPORTLDAPDisabledUsers						
20230719	050153647		PREIMPORT	A	login ok						
20230719	050153678		PREIMPORT	A	bind ok						
20230719	050153709		PREIMPORT	A	result count 0						
20230719	050153725		PREIMPORT	A	end IMPORTLDAPDisabledUsers						
20230719	050153725		PREIMPORT	A	BEGIN PROCESS :IMPORTLDAPDisabledUsers						
20230719	050153990		PREIMPORT	A	END PROCESS						
20230719	050154022		PREIMPORT	A	BEGIN DROP TABLE LOG_2023071905015132924B55FED						
20230719	050154334		PREIMPORT	A	END DROP TABLE LOG_2023071905015132924B55FED						
20230719	050154334		PREIMPORT	A	END IMPORT						
20230719	050654347		PREIMPORT	A	Begin IMPORT						
20230719	051154356		PREIMPORT	A	Begin IMPORT						
20230719	051654372		PREIMPORT	A	Begin IMPORT						
20230719	052154388		PREIMPORT	A	Begin IMPORT						
20230719	052654399		PREIMPORT	A	Begin IMPORT						
20230719	053154414		PREIMPORT	A	Begin IMPORT						
20230719	053654431		PREIMPORT	A	Begin IMPORT						
20230719	054154445		PREIMPORT	A	Begin IMPORT						
20230719	054654453		PREIMPORT	A	Begin IMPORT						
20230719	055154461		PREIMPORT	A	Begin IMPORT						
20230719	055654470		PREIMPORT	A	Begin IMPORT						
20230719	060154475		PREIMPORT	A	Begin IMPORT						
20230719	060654482		PREIMPORT	A	Begin IMPORT						
20230719	061154489		PREIMPORT	A	Begin IMPORT						
20230719	061654504		PREIMPORT	A	Begin IMPORT						
20230719	062154517		PREIMPORT	A	Begin IMPORT						
20230719	062654530		PREIMPORT	A	Begin IMPORT						
20230719	063154535		PREIMPORT	A	Begin IMPORT						
20230719	063654550		PREIMPORT	A	Begin IMPORT						
20230719	064154562		PREIMPORT	A	Begin IMPORT						
20230719	064654565		PREIMPORT	A	Begin IMPORT						
20230719	065154570		PREIMPORT	A	Begin IMPORT						
20230719	065654589		PREIMPORT	A	Begin IMPORT						
20230719	070154597		PREIMPORT	A	Begin IMPORT						
20230719	070654611		PREIMPORT	A	Begin IMPORT						
20230719	071154628		PREIMPORT	A	Begin IMPORT						
20230719	071654643		PREIMPORT	A	Begin IMPORT						
20230719	072154655		PREIMPORT	A	Begin IMPORT						
20230719	072654673		PREIMPORT	A	Begin IMPORT						
20230719	073154689		PREIMPORT	A	Begin IMPORT						
20230719	073654698		PREIMPORT	A	Begin IMPORT						
20230719	074154706		PREIMPORT	A	Begin IMPORT						
20230719	074654719		PREIMPORT	A	Begin IMPORT						
20230719	075154732		PREIMPORT	A	Begin IMPORT						
20230719	075654744		PREIMPORT	A	Begin IMPORT						
20230719	080154760		PREIMPORT	A	Begin IMPORT						
20230719	080654766		PREIMPORT	A	Begin IMPORT						
20230719	081154782		PREIMPORT	A	Begin IMPORT						
20230719	081654798		PREIMPORT	A	Begin IMPORT						
20230719	082154806		PREIMPORT	A	Begin IMPORT						
20230719	082654823		PREIMPORT	A	Begin IMPORT						
20230719	083154829		PREIMPORT	A	Begin IMPORT						
20230719	083654833		PREIMPORT	A	Begin IMPORT						
20230719	084154849		PREIMPORT	A	Begin IMPORT						
20230719	084654868		PREIMPORT	A	Begin IMPORT						
20230719	085154874		PREIMPORT	A	Begin IMPORT						
20230719	085654890		PREIMPORT	A	Begin IMPORT						
20230719	090154905		PREIMPORT	A	Begin IMPORT						
20230719	090654915		PREIMPORT	A	Begin IMPORT						
20230719	091154921		PREIMPORT	A	Begin IMPORT						
20230719	091654928		PREIMPORT	A	Begin IMPORT						
20230719	092154938		PREIMPORT	A	Begin IMPORT						
20230719	092654944		PREIMPORT	A	Begin IMPORT						
20230719	093154949		PREIMPORT	A	Begin IMPORT						
20230719	093654957		PREIMPORT	A	Begin IMPORT						
20230719	094154963		PREIMPORT	A	Begin IMPORT						
20230719	094654975		PREIMPORT	A	Begin IMPORT						
20230719	095154992		PREIMPORT	A	Begin IMPORT						
20230719	095655007		PREIMPORT	A	Begin IMPORT						
20230719	100155012		PREIMPORT	A	Begin IMPORT						
20230719	100655020		PREIMPORT	A	Begin IMPORT						
20230719	101155025		PREIMPORT	A	Begin IMPORT						
20230719	101655039		PREIMPORT	A	Begin IMPORT						
20230719	102155057		PREIMPORT	A	Begin IMPORT						
20230719	102655064		PREIMPORT	A	Begin IMPORT						
20230719	103155067		PREIMPORT	A	Begin IMPORT						
20230719	103655076		PREIMPORT	A	Begin IMPORT						
20230719	104155093		PREIMPORT	A	Begin IMPORT						
20230719	104655100		PREIMPORT	A	Begin IMPORT						
20230719	105155114		PREIMPORT	A	Begin IMPORT						
20230719	105655132		PREIMPORT	A	Begin IMPORT						
20230719	110155151		PREIMPORT	A	Begin IMPORT						
20230719	110655157		PREIMPORT	A	Begin IMPORT						
20230719	111155172		PREIMPORT	A	Begin IMPORT						
20230719	111655191		PREIMPORT	A	Begin IMPORT						
20230719	112155203		PREIMPORT	A	Begin IMPORT						
20230719	112655220		PREIMPORT	A	Begin IMPORT						
20230719	113155239		PREIMPORT	A	Begin IMPORT						
20230719	113655249		PREIMPORT	A	Begin IMPORT						
20230719	114155260		PREIMPORT	A	Begin IMPORT						
20230719	114655269		PREIMPORT	A	Begin IMPORT						
20230719	115155276		PREIMPORT	A	Begin IMPORT						
20230719	115655292		PREIMPORT	A	Begin IMPORT						
20230719	120155168		PREIMPORT	A	Begin IMPORT						
20230719	120655179		PREIMPORT	A	Begin IMPORT						
20230719	121155195		PREIMPORT	A	Begin IMPORT						
20230719	121655207		PREIMPORT	A	Begin IMPORT						
20230719	122155220		PREIMPORT	A	Begin IMPORT						
20230719	122655232		PREIMPORT	A	Begin IMPORT						
20230719	123155245		PREIMPORT	A	Begin IMPORT						
20230719	123655259		PREIMPORT	A	Begin IMPORT						
20230719	124155273		PREIMPORT	A	Begin IMPORT						
20230719	124655289		PREIMPORT	A	Begin IMPORT						
20230719	125155296		PREIMPORT	A	Begin IMPORT						
20230719	125655315		PREIMPORT	A	Begin IMPORT						
20230719	130155329		PREIMPORT	A	Begin IMPORT						
20230719	130655347		PREIMPORT	A	Begin IMPORT						
20230719	131155364		PREIMPORT	A	Begin IMPORT						
20230719	131655368		PREIMPORT	A	Begin IMPORT						
20230719	132155383		PREIMPORT	A	Begin IMPORT						
20230719	132655400		PREIMPORT	A	Begin IMPORT						
20230719	133155404		PREIMPORT	A	Begin IMPORT						
20230719	133655414		PREIMPORT	A	Begin IMPORT						
20230719	134155421		PREIMPORT	A	Begin IMPORT						
20230719	134655435		PREIMPORT	A	Begin IMPORT						
20230719	135155441		PREIMPORT	A	Begin IMPORT						
20230719	135655448		PREIMPORT	A	Begin IMPORT						
20230719	140155453		PREIMPORT	A	Begin IMPORT						
20230719	140655466		PREIMPORT	A	Begin IMPORT						
20230719	141155478		PREIMPORT	A	Begin IMPORT						
20230719	141655493		PREIMPORT	A	Begin IMPORT						
20230719	142155505		PREIMPORT	A	Begin IMPORT						
20230719	142655521		PREIMPORT	A	Begin IMPORT						
20230719	143155527		PREIMPORT	A	Begin IMPORT						
20230719	143655545		PREIMPORT	A	Begin IMPORT						
20230719	144155556		PREIMPORT	A	Begin IMPORT						
20230719	144655569		PREIMPORT	A	Begin IMPORT						
20230719	145155579		PREIMPORT	A	Begin IMPORT						
20230719	145655583		PREIMPORT	A	Begin IMPORT						
20230719	150155591		PREIMPORT	A	Begin IMPORT						
20230719	150655603		PREIMPORT	A	Begin IMPORT						
20230719	151155616		PREIMPORT	A	Begin IMPORT						
20230719	151655620		PREIMPORT	A	Begin IMPORT						
20230719	152155635		PREIMPORT	A	Begin IMPORT						
20230719	152655643		PREIMPORT	A	Begin IMPORT						
20230719	153155649		PREIMPORT	A	Begin IMPORT						
20230719	153655659		PREIMPORT	A	Begin IMPORT						
20230719	154155674		PREIMPORT	A	Begin IMPORT						
20230719	154655688		PREIMPORT	A	Begin IMPORT						
20230719	155155702		PREIMPORT	A	Begin IMPORT						
20230719	155655709		PREIMPORT	A	Begin IMPORT						
20230719	160155722		PREIMPORT	A	Begin IMPORT						
20230719	160655738		PREIMPORT	A	Begin IMPORT						
20230719	161155751		PREIMPORT	A	Begin IMPORT						
20230719	161655757		PREIMPORT	A	Begin IMPORT						
20230719	162155770		PREIMPORT	A	Begin IMPORT						
20230719	162655788		PREIMPORT	A	Begin IMPORT						
20230719	163155807		PREIMPORT	A	Begin IMPORT						
20230719	163655810		PREIMPORT	A	Begin IMPORT						
20230719	164155822		PREIMPORT	A	Begin IMPORT						
20230719	164655828		PREIMPORT	A	Begin IMPORT						
20230719	165155839		PREIMPORT	A	Begin IMPORT						
20230719	165655852		PREIMPORT	A	Begin IMPORT						
20230719	170155861		PREIMPORT	A	Begin IMPORT						
20230719	170655873		PREIMPORT	A	Begin IMPORT						
20230719	171155878		PREIMPORT	A	Begin IMPORT						
20230719	171655891		PREIMPORT	A	Begin IMPORT						
20230719	172155908		PREIMPORT	A	Begin IMPORT						
20230719	172655913		PREIMPORT	A	Begin IMPORT						
20230719	173155929		PREIMPORT	A	Begin IMPORT						
20230719	173655940		PREIMPORT	A	Begin IMPORT						
20230719	174155951		PREIMPORT	A	Begin IMPORT						
20230719	174655959		PREIMPORT	A	Begin IMPORT						
20230719	175155971		PREIMPORT	A	Begin IMPORT						
20230719	175655983		PREIMPORT	A	Begin IMPORT						
20230719	180155990		PREIMPORT	A	Begin IMPORT						
20230719	180656007		PREIMPORT	A	Begin IMPORT						
20230719	181156017		PREIMPORT	A	Begin IMPORT						
20230719	181656030		PREIMPORT	A	Begin IMPORT						
20230719	182156037		PREIMPORT	A	Begin IMPORT						
20230719	182656051		PREIMPORT	A	Begin IMPORT						
20230719	183156056		PREIMPORT	A	Begin IMPORT						
20230719	183656071		PREIMPORT	A	Begin IMPORT						
20230719	184156087		PREIMPORT	A	Begin IMPORT						
20230719	184656099		PREIMPORT	A	Begin IMPORT						
20230719	185156103		PREIMPORT	A	Begin IMPORT						
20230719	185656116		PREIMPORT	A	Begin IMPORT						
20230719	190156130		PREIMPORT	A	Begin IMPORT						
20230719	190656142		PREIMPORT	A	Begin IMPORT						
20230719	191156153		PREIMPORT	A	Begin IMPORT						
20230719	191656158		PREIMPORT	A	Begin IMPORT						
20230719	192156164		PREIMPORT	A	Begin IMPORT						
20230719	192656175		PREIMPORT	A	Begin IMPORT						
20230719	193156179		PREIMPORT	A	Begin IMPORT						
20230719	193656195		PREIMPORT	A	Begin IMPORT						
20230719	194156206		PREIMPORT	A	Begin IMPORT						
20230719	194656219		PREIMPORT	A	Begin IMPORT						
20230719	195156233		PREIMPORT	A	Begin IMPORT						
20230719	195656236		PREIMPORT	A	Begin IMPORT						
20230719	200156241		PREIMPORT	A	Begin IMPORT						
20230719	200656258		PREIMPORT	A	Begin IMPORT						
20230719	201156267		PREIMPORT	A	Begin IMPORT						
20230719	201656281		PREIMPORT	A	Begin IMPORT						
20230719	202156297		PREIMPORT	A	Begin IMPORT						
20230719	202656307		PREIMPORT	A	Begin IMPORT						
20230719	203156313		PREIMPORT	A	Begin IMPORT						
20230719	203656318		PREIMPORT	A	Begin IMPORT						
20230719	204156335		PREIMPORT	A	Begin IMPORT						
20230719	204656340		PREIMPORT	A	Begin IMPORT						
20230719	205156351		PREIMPORT	A	Begin IMPORT						
20230719	205656364		PREIMPORT	A	Begin IMPORT						
20230719	210156371		PREIMPORT	A	Begin IMPORT						
20230719	210656375		PREIMPORT	A	Begin IMPORT						
20230719	211156383		PREIMPORT	A	Begin IMPORT						
20230719	211656394		PREIMPORT	A	Begin IMPORT						
20230719	212156409		PREIMPORT	A	Begin IMPORT						
20230719	212656421		PREIMPORT	A	Begin IMPORT						
20230719	213156434		PREIMPORT	A	Begin IMPORT						
20230719	213656447		PREIMPORT	A	Begin IMPORT						
20230719	214156457		PREIMPORT	A	Begin IMPORT						
20230719	214656467		PREIMPORT	A	Begin IMPORT						
20230719	215156481		PREIMPORT	A	Begin IMPORT						
20230719	215656486		PREIMPORT	A	Begin IMPORT						
20230719	220156501		PREIMPORT	A	Begin IMPORT						
20230719	220656511		PREIMPORT	A	Begin IMPORT						
20230719	221156520		PREIMPORT	A	Begin IMPORT						
20230719	221656534		PREIMPORT	A	Begin IMPORT						
20230719	222156546		PREIMPORT	A	Begin IMPORT						
20230719	222656555		PREIMPORT	A	Begin IMPORT						
20230719	223156572		PREIMPORT	A	Begin IMPORT						
20230719	223656583		PREIMPORT	A	Begin IMPORT						
20230719	224156592		PREIMPORT	A	Begin IMPORT						
20230719	224656609		PREIMPORT	A	Begin IMPORT						
20230719	225156621		PREIMPORT	A	Begin IMPORT						
20230719	225656626		PREIMPORT	A	Begin IMPORT						
20230719	230156644		PREIMPORT	A	Begin IMPORT						
20230719	230656657		PREIMPORT	A	Begin IMPORT						
20230719	231156666		PREIMPORT	A	Begin IMPORT						
20230719	231656683		PREIMPORT	A	Begin IMPORT						
20230719	232156689		PREIMPORT	A	Begin IMPORT						
20230719	232656702		PREIMPORT	A	Begin IMPORT						
20230719	233156721		PREIMPORT	A	Begin IMPORT						
20230719	233656733		PREIMPORT	A	Begin IMPORT						
20230719	234156742		PREIMPORT	A	Begin IMPORT						
20230719	234656755		PREIMPORT	A	Begin IMPORT						
20230719	235156769		PREIMPORT	A	Begin IMPORT						
20230719	235656782		PREIMPORT	A	Begin IMPORT						
20230720	000156662		PREIMPORT	A	Begin IMPORT						
