20230724	000723055		PREIMPORT	A	Begin IMPORT						
20230724	001223073		PREIMPORT	A	Begin IMPORT						
20230724	001723084		PREIMPORT	A	Begin IMPORT						
20230724	002223098		PREIMPORT	A	Begin IMPORT						
20230724	002723111		PREIMPORT	A	Begin IMPORT						
20230724	003223116		PREIMPORT	A	Begin IMPORT						
20230724	003723122		PREIMPORT	A	Begin IMPORT						
20230724	004223134		PREIMPORT	A	Begin IMPORT						
20230724	004723141		PREIMPORT	A	Begin IMPORT						
20230724	005223159		PREIMPORT	A	Begin IMPORT						
20230724	005723166		PREIMPORT	A	Begin IMPORT						
20230724	010223184		PREIMPORT	A	Begin IMPORT						
20230724	010723197		PREIMPORT	A	Begin IMPORT						
20230724	011223204		PREIMPORT	A	Begin IMPORT						
20230724	011723219		PREIMPORT	A	Begin IMPORT						
20230724	012223236		PREIMPORT	A	Begin IMPORT						
20230724	012723243		PREIMPORT	A	Begin IMPORT						
20230724	013223259		PREIMPORT	A	Begin IMPORT						
20230724	013723266		PREIMPORT	A	Begin IMPORT						
20230724	014223271		PREIMPORT	A	Begin IMPORT						
20230724	014723284		PREIMPORT	A	Begin IMPORT						
20230724	015223301		PREIMPORT	A	Begin IMPORT						
20230724	015723313		PREIMPORT	A	Begin IMPORT						
20230724	020223324		PREIMPORT	A	Begin IMPORT						
20230724	020723339		PREIMPORT	A	Begin IMPORT						
20230724	021223354		PREIMPORT	A	Begin IMPORT						
20230724	021723364		PREIMPORT	A	Begin IMPORT						
20230724	022223375		PREIMPORT	A	Begin IMPORT						
20230724	022723379		PREIMPORT	A	Begin IMPORT						
20230724	023223389		PREIMPORT	A	Begin IMPORT						
20230724	023723394		PREIMPORT	A	Begin IMPORT						
20230724	024223411		PREIMPORT	A	Begin IMPORT						
20230724	024723430		PREIMPORT	A	Begin IMPORT						
20230724	025223435		PREIMPORT	A	Begin IMPORT						
20230724	025723440		PREIMPORT	A	Begin IMPORT						
20230724	030223447		PREIMPORT	A	Begin IMPORT						
20230724	030723458		PREIMPORT	A	Begin IMPORT						
20230724	031223467		PREIMPORT	A	Begin IMPORT						
20230724	031723474		PREIMPORT	A	Begin IMPORT						
20230724	032223480		PREIMPORT	A	Begin IMPORT						
20230724	032723484		PREIMPORT	A	Begin IMPORT						
20230724	033223489		PREIMPORT	A	Begin IMPORT						
20230724	033723496		PREIMPORT	A	Begin IMPORT						
20230724	034223510		PREIMPORT	A	Begin IMPORT						
20230724	034723517		PREIMPORT	A	Begin IMPORT						
20230724	035223524		PREIMPORT	A	Begin IMPORT						
20230724	035723529		PREIMPORT	A	Begin IMPORT						
20230724	040223546		PREIMPORT	A	Begin IMPORT						
20230724	040723551		PREIMPORT	A	Begin IMPORT						
20230724	041223563		PREIMPORT	A	Begin IMPORT						
20230724	041723577		PREIMPORT	A	Begin IMPORT						
20230724	042223582		PREIMPORT	A	Begin IMPORT						
20230724	042723587		PREIMPORT	A	Begin IMPORT						
20230724	043223599		PREIMPORT	A	Begin IMPORT						
20230724	043723612		PREIMPORT	A	Begin IMPORT						
20230724	044223622		PREIMPORT	A	Begin IMPORT						
20230724	044723638		PREIMPORT	A	Begin IMPORT						
20230724	045223647		PREIMPORT	A	Begin IMPORT						
20230724	045723652		PREIMPORT	A	Begin IMPORT						
20230724	050223670		PREIMPORT	A	Begin IMPORT						
20230724	050224310		PREIMPORT	A	BEGIN CREATE TABLE LOG_20230724050224310F5C9E080						
20230724	050224310		PREIMPORT	A	END CREATE TABLE LOG_20230724050224310F5C9E080						
20230724	050224326		PREIMPORT	A	BEGIN PROCESS :IMPORTLDAPUSERS						
20230724	050224435		PREIMPORT	A	login ok						
20230724	050224467		PREIMPORT	A	bind ok						
20230724	050224670		PREIMPORT	A	result count 100						
20230724	050224888		PREIMPORT	A	result count 100						
20230724	050225076		PREIMPORT	A	result count 100						
20230724	050225232		PREIMPORT	A	result count 100						
20230724	050225420		PREIMPORT	A	result count 100						
20230724	050225592		PREIMPORT	A	result count 100						
20230724	050225770		PREIMPORT	A	result count 100						
20230724	050225863		PREIMPORT	A	result count 100						
20230724	050225974		PREIMPORT	A	result count 100						
20230724	050226057		PREIMPORT	A	result count 100						
20230724	050226167		PREIMPORT	A	result count 100						
20230724	050226245		PREIMPORT	A	result count 100						
20230724	050226323		PREIMPORT	A	result count 100						
20230724	050226401		PREIMPORT	A	result count 100						
20230724	050226495		PREIMPORT	A	result count 100						
20230724	050226573		PREIMPORT	A	result count 100						
20230724	050226651		PREIMPORT	A	result count 100						
20230724	050226745		PREIMPORT	A	result count 100						
20230724	050226807		PREIMPORT	A	result count 8						
20230724	050226823		PREIMPORT	A	end IMPORTLDAPUSERS						
20230724	050226823		PREIMPORT	A	BEGIN PROCESS :IMPORTLDAPUSERS						
20230724	050227089		PREIMPORT	A	END PROCESS						
20230724	050227089		PREIMPORT	A	BEGIN PROCESS :IMPORTLDAPDisabledUsers						
20230724	050227182		PREIMPORT	A	login ok						
20230724	050227214		PREIMPORT	A	bind ok						
20230724	050227245		PREIMPORT	A	result count 0						
20230724	050227260		PREIMPORT	A	end IMPORTLDAPDisabledUsers						
20230724	050227260		PREIMPORT	A	BEGIN PROCESS :IMPORTLDAPDisabledUsers						
20230724	050227526		PREIMPORT	A	END PROCESS						
20230724	050227557		PREIMPORT	A	BEGIN DROP TABLE LOG_20230724050224310F5C9E080						
20230724	050227870		PREIMPORT	A	END DROP TABLE LOG_20230724050224310F5C9E080						
20230724	050227870		PREIMPORT	A	END IMPORT						
20230724	050727892		PREIMPORT	A	Begin IMPORT						
20230724	051227908		PREIMPORT	A	Begin IMPORT						
20230724	051727923		PREIMPORT	A	Begin IMPORT						
20230724	052227926		PREIMPORT	A	Begin IMPORT						
20230724	052727945		PREIMPORT	A	Begin IMPORT						
20230724	053227956		PREIMPORT	A	Begin IMPORT						
20230724	053727969		PREIMPORT	A	Begin IMPORT						
20230724	054227986		PREIMPORT	A	Begin IMPORT						
20230724	054727999		PREIMPORT	A	Begin IMPORT						
20230724	055228004		PREIMPORT	A	Begin IMPORT						
20230724	055728021		PREIMPORT	A	Begin IMPORT						
20230724	060228036		PREIMPORT	A	Begin IMPORT						
20230724	060728053		PREIMPORT	A	Begin IMPORT						
20230724	061228058		PREIMPORT	A	Begin IMPORT						
20230724	061728074		PREIMPORT	A	Begin IMPORT						
20230724	062228092		PREIMPORT	A	Begin IMPORT						
20230724	062728109		PREIMPORT	A	Begin IMPORT						
20230724	063228126		PREIMPORT	A	Begin IMPORT						
20230724	063728142		PREIMPORT	A	Begin IMPORT						
20230724	064228151		PREIMPORT	A	Begin IMPORT						
20230724	064728164		PREIMPORT	A	Begin IMPORT						
20230724	065228171		PREIMPORT	A	Begin IMPORT						
20230724	065728188		PREIMPORT	A	Begin IMPORT						
20230724	070228203		PREIMPORT	A	Begin IMPORT						
20230724	070728221		PREIMPORT	A	Begin IMPORT						
20230724	071228236		PREIMPORT	A	Begin IMPORT						
20230724	071728245		PREIMPORT	A	Begin IMPORT						
20230724	072228252		PREIMPORT	A	Begin IMPORT						
20230724	072728259		PREIMPORT	A	Begin IMPORT						
20230724	073228264		PREIMPORT	A	Begin IMPORT						
20230724	073728277		PREIMPORT	A	Begin IMPORT						
20230724	074228285		PREIMPORT	A	Begin IMPORT						
20230724	074728292		PREIMPORT	A	Begin IMPORT						
20230724	075228306		PREIMPORT	A	Begin IMPORT						
20230724	075728318		PREIMPORT	A	Begin IMPORT						
20230724	080228322		PREIMPORT	A	Begin IMPORT						
20230724	080728338		PREIMPORT	A	Begin IMPORT						
20230724	081228347		PREIMPORT	A	Begin IMPORT						
20230724	081728353		PREIMPORT	A	Begin IMPORT						
20230724	082228367		PREIMPORT	A	Begin IMPORT						
20230724	082728381		PREIMPORT	A	Begin IMPORT						
20230724	083228390		PREIMPORT	A	Begin IMPORT						
20230724	083728403		PREIMPORT	A	Begin IMPORT						
20230724	084228413		PREIMPORT	A	Begin IMPORT						
20230724	084728427		PREIMPORT	A	Begin IMPORT						
20230724	085228440		PREIMPORT	A	Begin IMPORT						
20230724	085728457		PREIMPORT	A	Begin IMPORT						
20230724	090228463		PREIMPORT	A	Begin IMPORT						
20230724	090728480		PREIMPORT	A	Begin IMPORT						
20230724	091228490		PREIMPORT	A	Begin IMPORT						
20230724	091728506		PREIMPORT	A	Begin IMPORT						
20230724	092228517		PREIMPORT	A	Begin IMPORT						
20230724	092728521		PREIMPORT	A	Begin IMPORT						
20230724	093228527		PREIMPORT	A	Begin IMPORT						
20230724	093728534		PREIMPORT	A	Begin IMPORT						
20230724	094228542		PREIMPORT	A	Begin IMPORT						
20230724	094728553		PREIMPORT	A	Begin IMPORT						
20230724	095228568		PREIMPORT	A	Begin IMPORT						
20230724	095728575		PREIMPORT	A	Begin IMPORT						
20230724	100228592		PREIMPORT	A	Begin IMPORT						
20230724	100728598		PREIMPORT	A	Begin IMPORT						
20230724	101228614		PREIMPORT	A	Begin IMPORT						
20230724	101728621		PREIMPORT	A	Begin IMPORT						
20230724	102228631		PREIMPORT	A	Begin IMPORT						
20230724	102728648		PREIMPORT	A	Begin IMPORT						
20230724	103228657		PREIMPORT	A	Begin IMPORT						
20230724	103728672		PREIMPORT	A	Begin IMPORT						
20230724	104228683		PREIMPORT	A	Begin IMPORT						
20230724	104728695		PREIMPORT	A	Begin IMPORT						
20230724	105228709		PREIMPORT	A	Begin IMPORT						
20230724	105728724		PREIMPORT	A	Begin IMPORT						
20230724	110228740		PREIMPORT	A	Begin IMPORT						
20230724	110728754		PREIMPORT	A	Begin IMPORT						
20230724	111228760		PREIMPORT	A	Begin IMPORT						
20230724	111728769		PREIMPORT	A	Begin IMPORT						
20230724	112228778		PREIMPORT	A	Begin IMPORT						
20230724	112728792		PREIMPORT	A	Begin IMPORT						
20230724	113228808		PREIMPORT	A	Begin IMPORT						
20230724	113728825		PREIMPORT	A	Begin IMPORT						
20230724	114228838		PREIMPORT	A	Begin IMPORT						
20230724	114728848		PREIMPORT	A	Begin IMPORT						
20230724	115228857		PREIMPORT	A	Begin IMPORT						
20230724	115728870		PREIMPORT	A	Begin IMPORT						
20230724	120228739		PREIMPORT	A	Begin IMPORT						
20230724	120728756		PREIMPORT	A	Begin IMPORT						
20230724	121228761		PREIMPORT	A	Begin IMPORT						
20230724	121728771		PREIMPORT	A	Begin IMPORT						
20230724	122228778		PREIMPORT	A	Begin IMPORT						
20230724	122728787		PREIMPORT	A	Begin IMPORT						
20230724	123228805		PREIMPORT	A	Begin IMPORT						
20230724	123728817		PREIMPORT	A	Begin IMPORT						
20230724	124228822		PREIMPORT	A	Begin IMPORT						
20230724	124728833		PREIMPORT	A	Begin IMPORT						
20230724	125228841		PREIMPORT	A	Begin IMPORT						
20230724	125728845		PREIMPORT	A	Begin IMPORT						
20230724	130228850		PREIMPORT	A	Begin IMPORT						
20230724	130728861		PREIMPORT	A	Begin IMPORT						
20230724	131228873		PREIMPORT	A	Begin IMPORT						
20230724	131728878		PREIMPORT	A	Begin IMPORT						
20230724	132228894		PREIMPORT	A	Begin IMPORT						
20230724	132728908		PREIMPORT	A	Begin IMPORT						
20230724	133228926		PREIMPORT	A	Begin IMPORT						
20230724	133728943		PREIMPORT	A	Begin IMPORT						
20230724	134228952		PREIMPORT	A	Begin IMPORT						
20230724	134728960		PREIMPORT	A	Begin IMPORT						
20230724	135228973		PREIMPORT	A	Begin IMPORT						
20230724	135728985		PREIMPORT	A	Begin IMPORT						
20230724	140228994		PREIMPORT	A	Begin IMPORT						
20230724	140729009		PREIMPORT	A	Begin IMPORT						
20230724	141229021		PREIMPORT	A	Begin IMPORT						
20230724	141729037		PREIMPORT	A	Begin IMPORT						
20230724	142229041		PREIMPORT	A	Begin IMPORT						
20230724	142729057		PREIMPORT	A	Begin IMPORT						
20230724	143229070		PREIMPORT	A	Begin IMPORT						
20230724	143729083		PREIMPORT	A	Begin IMPORT						
20230724	144229094		PREIMPORT	A	Begin IMPORT						
20230724	144729110		PREIMPORT	A	Begin IMPORT						
20230724	145229117		PREIMPORT	A	Begin IMPORT						
20230724	145729128		PREIMPORT	A	Begin IMPORT						
20230724	150229134		PREIMPORT	A	Begin IMPORT						
20230724	150729143		PREIMPORT	A	Begin IMPORT						
20230724	151229152		PREIMPORT	A	Begin IMPORT						
20230724	151729160		PREIMPORT	A	Begin IMPORT						
20230724	152229173		PREIMPORT	A	Begin IMPORT						
20230724	152729191		PREIMPORT	A	Begin IMPORT						
20230724	153229210		PREIMPORT	A	Begin IMPORT						
20230724	153729224		PREIMPORT	A	Begin IMPORT						
20230724	154229230		PREIMPORT	A	Begin IMPORT						
20230724	154729244		PREIMPORT	A	Begin IMPORT						
20230724	155229250		PREIMPORT	A	Begin IMPORT						
20230724	155729262		PREIMPORT	A	Begin IMPORT						
20230724	160229270		PREIMPORT	A	Begin IMPORT						
20230724	160729280		PREIMPORT	A	Begin IMPORT						
20230724	161229289		PREIMPORT	A	Begin IMPORT						
20230724	161729297		PREIMPORT	A	Begin IMPORT						
20230724	162229310		PREIMPORT	A	Begin IMPORT						
20230724	162729319		PREIMPORT	A	Begin IMPORT						
20230724	163229336		PREIMPORT	A	Begin IMPORT						
20230724	163729344		PREIMPORT	A	Begin IMPORT						
20230724	164229354		PREIMPORT	A	Begin IMPORT						
20230724	164729372		PREIMPORT	A	Begin IMPORT						
20230724	165229376		PREIMPORT	A	Begin IMPORT						
20230724	165729388		PREIMPORT	A	Begin IMPORT						
20230724	170229393		PREIMPORT	A	Begin IMPORT						
20230724	170729409		PREIMPORT	A	Begin IMPORT						
20230724	171229425		PREIMPORT	A	Begin IMPORT						
20230724	171729444		PREIMPORT	A	Begin IMPORT						
20230724	172229456		PREIMPORT	A	Begin IMPORT						
20230724	172729465		PREIMPORT	A	Begin IMPORT						
20230724	173229474		PREIMPORT	A	Begin IMPORT						
20230724	173729486		PREIMPORT	A	Begin IMPORT						
20230724	174229502		PREIMPORT	A	Begin IMPORT						
20230724	174729520		PREIMPORT	A	Begin IMPORT						
20230724	175229525		PREIMPORT	A	Begin IMPORT						
20230724	175729528		PREIMPORT	A	Begin IMPORT						
20230724	180229546		PREIMPORT	A	Begin IMPORT						
20230724	180729562		PREIMPORT	A	Begin IMPORT						
20230724	181229568		PREIMPORT	A	Begin IMPORT						
20230724	181729574		PREIMPORT	A	Begin IMPORT						
20230724	182229584		PREIMPORT	A	Begin IMPORT						
20230724	182729593		PREIMPORT	A	Begin IMPORT						
20230724	183229599		PREIMPORT	A	Begin IMPORT						
20230724	183729607		PREIMPORT	A	Begin IMPORT						
20230724	184229620		PREIMPORT	A	Begin IMPORT						
20230724	184729638		PREIMPORT	A	Begin IMPORT						
20230724	185229651		PREIMPORT	A	Begin IMPORT						
20230724	185729667		PREIMPORT	A	Begin IMPORT						
20230724	190229675		PREIMPORT	A	Begin IMPORT						
20230724	190729679		PREIMPORT	A	Begin IMPORT						
20230724	191229695		PREIMPORT	A	Begin IMPORT						
20230724	191729700		PREIMPORT	A	Begin IMPORT						
20230724	192229713		PREIMPORT	A	Begin IMPORT						
20230724	192729722		PREIMPORT	A	Begin IMPORT						
20230724	193229740		PREIMPORT	A	Begin IMPORT						
20230724	193729756		PREIMPORT	A	Begin IMPORT						
20230724	194229770		PREIMPORT	A	Begin IMPORT						
20230724	194729776		PREIMPORT	A	Begin IMPORT						
20230724	195229787		PREIMPORT	A	Begin IMPORT						
20230724	195729795		PREIMPORT	A	Begin IMPORT						
20230724	200229802		PREIMPORT	A	Begin IMPORT						
20230724	200729814		PREIMPORT	A	Begin IMPORT						
20230724	201229818		PREIMPORT	A	Begin IMPORT						
20230724	201729822		PREIMPORT	A	Begin IMPORT						
20230724	202229841		PREIMPORT	A	Begin IMPORT						
20230724	202729848		PREIMPORT	A	Begin IMPORT						
20230724	203229851		PREIMPORT	A	Begin IMPORT						
20230724	203729862		PREIMPORT	A	Begin IMPORT						
20230724	204229872		PREIMPORT	A	Begin IMPORT						
20230724	204729882		PREIMPORT	A	Begin IMPORT						
20230724	205229887		PREIMPORT	A	Begin IMPORT						
20230724	205729899		PREIMPORT	A	Begin IMPORT						
20230724	210229907		PREIMPORT	A	Begin IMPORT						
20230724	210729925		PREIMPORT	A	Begin IMPORT						
20230724	211229931		PREIMPORT	A	Begin IMPORT						
20230724	211729940		PREIMPORT	A	Begin IMPORT						
20230724	212229959		PREIMPORT	A	Begin IMPORT						
20230724	212729976		PREIMPORT	A	Begin IMPORT						
20230724	213229994		PREIMPORT	A	Begin IMPORT						
20230724	213730001		PREIMPORT	A	Begin IMPORT						
20230724	214230018		PREIMPORT	A	Begin IMPORT						
20230724	214730027		PREIMPORT	A	Begin IMPORT						
20230724	215230036		PREIMPORT	A	Begin IMPORT						
20230724	215730046		PREIMPORT	A	Begin IMPORT						
20230724	220230054		PREIMPORT	A	Begin IMPORT						
20230724	220730064		PREIMPORT	A	Begin IMPORT						
20230724	221230082		PREIMPORT	A	Begin IMPORT						
20230724	221730087		PREIMPORT	A	Begin IMPORT						
20230724	222230095		PREIMPORT	A	Begin IMPORT						
20230724	222730108		PREIMPORT	A	Begin IMPORT						
20230724	223230115		PREIMPORT	A	Begin IMPORT						
20230724	223730125		PREIMPORT	A	Begin IMPORT						
20230724	224230133		PREIMPORT	A	Begin IMPORT						
20230724	224730140		PREIMPORT	A	Begin IMPORT						
20230724	225230155		PREIMPORT	A	Begin IMPORT						
20230724	225730166		PREIMPORT	A	Begin IMPORT						
20230724	230230178		PREIMPORT	A	Begin IMPORT						
20230724	230730196		PREIMPORT	A	Begin IMPORT						
20230724	231230202		PREIMPORT	A	Begin IMPORT						
20230724	231730213		PREIMPORT	A	Begin IMPORT						
20230724	232230217		PREIMPORT	A	Begin IMPORT						
20230724	232730226		PREIMPORT	A	Begin IMPORT						
20230724	233230236		PREIMPORT	A	Begin IMPORT						
20230724	233730254		PREIMPORT	A	Begin IMPORT						
20230724	234230273		PREIMPORT	A	Begin IMPORT						
20230724	234730290		PREIMPORT	A	Begin IMPORT						
20230724	235230294		PREIMPORT	A	Begin IMPORT						
20230724	235730301		PREIMPORT	A	Begin IMPORT						
20230725	000230189		PREIMPORT	A	Begin IMPORT						
