20230721	000703387		PREIMPORT	A	Begin IMPORT						
20230721	001203397		PREIMPORT	A	Begin IMPORT						
20230721	001703402		PREIMPORT	A	Begin IMPORT						
20230721	002203418		PREIMPORT	A	Begin IMPORT						
20230721	002703432		PREIMPORT	A	Begin IMPORT						
20230721	003203444		PREIMPORT	A	Begin IMPORT						
20230721	003703452		PREIMPORT	A	Begin IMPORT						
20230721	004203470		PREIMPORT	A	Begin IMPORT						
20230721	004703480		PREIMPORT	A	Begin IMPORT						
20230721	005203494		PREIMPORT	A	Begin IMPORT						
20230721	005703507		PREIMPORT	A	Begin IMPORT						
20230721	010203519		PREIMPORT	A	Begin IMPORT						
20230721	010703537		PREIMPORT	A	Begin IMPORT						
20230721	011203550		PREIMPORT	A	Begin IMPORT						
20230721	011703555		PREIMPORT	A	Begin IMPORT						
20230721	012203564		PREIMPORT	A	Begin IMPORT						
20230721	012703582		PREIMPORT	A	Begin IMPORT						
20230721	013203598		PREIMPORT	A	Begin IMPORT						
20230721	013703603		PREIMPORT	A	Begin IMPORT						
20230721	014203619		PREIMPORT	A	Begin IMPORT						
20230721	014703630		PREIMPORT	A	Begin IMPORT						
20230721	015203642		PREIMPORT	A	Begin IMPORT						
20230721	015703650		PREIMPORT	A	Begin IMPORT						
20230721	020203668		PREIMPORT	A	Begin IMPORT						
20230721	020703684		PREIMPORT	A	Begin IMPORT						
20230721	021203689		PREIMPORT	A	Begin IMPORT						
20230721	021703706		PREIMPORT	A	Begin IMPORT						
20230721	022203715		PREIMPORT	A	Begin IMPORT						
20230721	022703721		PREIMPORT	A	Begin IMPORT						
20230721	023203734		PREIMPORT	A	Begin IMPORT						
20230721	023703744		PREIMPORT	A	Begin IMPORT						
20230721	024203759		PREIMPORT	A	Begin IMPORT						
20230721	024703776		PREIMPORT	A	Begin IMPORT						
20230721	025203782		PREIMPORT	A	Begin IMPORT						
20230721	025703796		PREIMPORT	A	Begin IMPORT						
20230721	030203807		PREIMPORT	A	Begin IMPORT						
20230721	030703822		PREIMPORT	A	Begin IMPORT						
20230721	031203829		PREIMPORT	A	Begin IMPORT						
20230721	031703833		PREIMPORT	A	Begin IMPORT						
20230721	032203848		PREIMPORT	A	Begin IMPORT						
20230721	032703867		PREIMPORT	A	Begin IMPORT						
20230721	033203879		PREIMPORT	A	Begin IMPORT						
20230721	033703884		PREIMPORT	A	Begin IMPORT						
20230721	034203895		PREIMPORT	A	Begin IMPORT						
20230721	034703912		PREIMPORT	A	Begin IMPORT						
20230721	035203916		PREIMPORT	A	Begin IMPORT						
20230721	035703924		PREIMPORT	A	Begin IMPORT						
20230721	040203934		PREIMPORT	A	Begin IMPORT						
20230721	040703945		PREIMPORT	A	Begin IMPORT						
20230721	041203950		PREIMPORT	A	Begin IMPORT						
20230721	041703962		PREIMPORT	A	Begin IMPORT						
20230721	042203980		PREIMPORT	A	Begin IMPORT						
20230721	042703988		PREIMPORT	A	Begin IMPORT						
20230721	043203997		PREIMPORT	A	Begin IMPORT						
20230721	043704011		PREIMPORT	A	Begin IMPORT						
20230721	044204019		PREIMPORT	A	Begin IMPORT						
20230721	044704025		PREIMPORT	A	Begin IMPORT						
20230721	045204031		PREIMPORT	A	Begin IMPORT						
20230721	045704041		PREIMPORT	A	Begin IMPORT						
20230721	050204057		PREIMPORT	A	Begin IMPORT						
20230721	050204698		PREIMPORT	A	BEGIN CREATE TABLE LOG_202307210502046984A96BF74						
20230721	050204698		PREIMPORT	A	END CREATE TABLE LOG_202307210502046984A96BF74						
20230721	050204713		PREIMPORT	A	BEGIN PROCESS :IMPORTLDAPUSERS						
20230721	050204829		PREIMPORT	A	login ok						
20230721	050204860		PREIMPORT	A	bind ok						
20230721	050204976		PREIMPORT	A	result count 100						
20230721	050205085		PREIMPORT	A	result count 100						
20230721	050205179		PREIMPORT	A	result count 100						
20230721	050205273		PREIMPORT	A	result count 100						
20230721	050205382		PREIMPORT	A	result count 100						
20230721	050205476		PREIMPORT	A	result count 100						
20230721	050205569		PREIMPORT	A	result count 100						
20230721	050205694		PREIMPORT	A	result count 100						
20230721	050205788		PREIMPORT	A	result count 100						
20230721	050205866		PREIMPORT	A	result count 100						
20230721	050205960		PREIMPORT	A	result count 100						
20230721	050206038		PREIMPORT	A	result count 100						
20230721	050206116		PREIMPORT	A	result count 100						
20230721	050206210		PREIMPORT	A	result count 100						
20230721	050206288		PREIMPORT	A	result count 100						
20230721	050206366		PREIMPORT	A	result count 100						
20230721	050206491		PREIMPORT	A	result count 100						
20230721	050206569		PREIMPORT	A	result count 100						
20230721	050206648		PREIMPORT	A	result count 7						
20230721	050206663		PREIMPORT	A	end IMPORTLDAPUSERS						
20230721	050206663		PREIMPORT	A	BEGIN PROCESS :IMPORTLDAPUSERS						
20230721	050206929		PREIMPORT	A	END PROCESS						
20230721	050206929		PREIMPORT	A	BEGIN PROCESS :IMPORTLDAPDisabledUsers						
20230721	050207038		PREIMPORT	A	login ok						
20230721	050207069		PREIMPORT	A	bind ok						
20230721	050207101		PREIMPORT	A	result count 0						
20230721	050207116		PREIMPORT	A	end IMPORTLDAPDisabledUsers						
20230721	050207116		PREIMPORT	A	BEGIN PROCESS :IMPORTLDAPDisabledUsers						
20230721	050207373		PREIMPORT	A	END PROCESS						
20230721	050207410		PREIMPORT	A	BEGIN DROP TABLE LOG_202307210502046984A96BF74						
20230721	050207722		PREIMPORT	A	END DROP TABLE LOG_202307210502046984A96BF74						
20230721	050207722		PREIMPORT	A	END IMPORT						
20230721	050707733		PREIMPORT	A	Begin IMPORT						
20230721	051207746		PREIMPORT	A	Begin IMPORT						
20230721	051707764		PREIMPORT	A	Begin IMPORT						
20230721	052207778		PREIMPORT	A	Begin IMPORT						
20230721	052707795		PREIMPORT	A	Begin IMPORT						
20230721	053207808		PREIMPORT	A	Begin IMPORT						
20230721	053707819		PREIMPORT	A	Begin IMPORT						
20230721	054207826		PREIMPORT	A	Begin IMPORT						
20230721	054707835		PREIMPORT	A	Begin IMPORT						
20230721	055207838		PREIMPORT	A	Begin IMPORT						
20230721	055707842		PREIMPORT	A	Begin IMPORT						
20230721	060207857		PREIMPORT	A	Begin IMPORT						
20230721	060707864		PREIMPORT	A	Begin IMPORT						
20230721	061207881		PREIMPORT	A	Begin IMPORT						
20230721	061707891		PREIMPORT	A	Begin IMPORT						
20230721	062207910		PREIMPORT	A	Begin IMPORT						
20230721	062707916		PREIMPORT	A	Begin IMPORT						
20230721	063207927		PREIMPORT	A	Begin IMPORT						
20230721	063707944		PREIMPORT	A	Begin IMPORT						
20230721	064207955		PREIMPORT	A	Begin IMPORT						
20230721	064707966		PREIMPORT	A	Begin IMPORT						
20230721	065207975		PREIMPORT	A	Begin IMPORT						
20230721	065707983		PREIMPORT	A	Begin IMPORT						
20230721	070208000		PREIMPORT	A	Begin IMPORT						
20230721	070708014		PREIMPORT	A	Begin IMPORT						
20230721	071208020		PREIMPORT	A	Begin IMPORT						
20230721	071708026		PREIMPORT	A	Begin IMPORT						
20230721	072208038		PREIMPORT	A	Begin IMPORT						
20230721	072708054		PREIMPORT	A	Begin IMPORT						
20230721	073208062		PREIMPORT	A	Begin IMPORT						
20230721	073708070		PREIMPORT	A	Begin IMPORT						
20230721	074208088		PREIMPORT	A	Begin IMPORT						
20230721	074708096		PREIMPORT	A	Begin IMPORT						
20230721	075208109		PREIMPORT	A	Begin IMPORT						
20230721	075708127		PREIMPORT	A	Begin IMPORT						
20230721	080208140		PREIMPORT	A	Begin IMPORT						
20230721	080708158		PREIMPORT	A	Begin IMPORT						
20230721	081208175		PREIMPORT	A	Begin IMPORT						
20230721	081708193		PREIMPORT	A	Begin IMPORT						
20230721	082208201		PREIMPORT	A	Begin IMPORT						
20230721	082708207		PREIMPORT	A	Begin IMPORT						
20230721	083208224		PREIMPORT	A	Begin IMPORT						
20230721	083708239		PREIMPORT	A	Begin IMPORT						
20230721	084208252		PREIMPORT	A	Begin IMPORT						
20230721	084708261		PREIMPORT	A	Begin IMPORT						
20230721	085208272		PREIMPORT	A	Begin IMPORT						
20230721	085708288		PREIMPORT	A	Begin IMPORT						
20230721	090208298		PREIMPORT	A	Begin IMPORT						
20230721	090708309		PREIMPORT	A	Begin IMPORT						
20230721	091208320		PREIMPORT	A	Begin IMPORT						
20230721	091708338		PREIMPORT	A	Begin IMPORT						
20230721	092208357		PREIMPORT	A	Begin IMPORT						
20230721	092708368		PREIMPORT	A	Begin IMPORT						
20230721	093208375		PREIMPORT	A	Begin IMPORT						
20230721	093708379		PREIMPORT	A	Begin IMPORT						
20230721	094208385		PREIMPORT	A	Begin IMPORT						
20230721	094708389		PREIMPORT	A	Begin IMPORT						
20230721	095208402		PREIMPORT	A	Begin IMPORT						
20230721	095708417		PREIMPORT	A	Begin IMPORT						
20230721	100208427		PREIMPORT	A	Begin IMPORT						
20230721	100708433		PREIMPORT	A	Begin IMPORT						
20230721	101208442		PREIMPORT	A	Begin IMPORT						
20230721	101708445		PREIMPORT	A	Begin IMPORT						
20230721	102208454		PREIMPORT	A	Begin IMPORT						
20230721	102708461		PREIMPORT	A	Begin IMPORT						
20230721	103208468		PREIMPORT	A	Begin IMPORT						
20230721	103708478		PREIMPORT	A	Begin IMPORT						
20230721	104208495		PREIMPORT	A	Begin IMPORT						
20230721	104708500		PREIMPORT	A	Begin IMPORT						
20230721	105208514		PREIMPORT	A	Begin IMPORT						
20230721	105708533		PREIMPORT	A	Begin IMPORT						
20230721	110208537		PREIMPORT	A	Begin IMPORT						
20230721	110708540		PREIMPORT	A	Begin IMPORT						
20230721	111208559		PREIMPORT	A	Begin IMPORT						
20230721	111708568		PREIMPORT	A	Begin IMPORT						
20230721	112208573		PREIMPORT	A	Begin IMPORT						
20230721	112708586		PREIMPORT	A	Begin IMPORT						
20230721	113208591		PREIMPORT	A	Begin IMPORT						
20230721	113708606		PREIMPORT	A	Begin IMPORT						
20230721	114208623		PREIMPORT	A	Begin IMPORT						
20230721	114708630		PREIMPORT	A	Begin IMPORT						
20230721	115208641		PREIMPORT	A	Begin IMPORT						
20230721	115708659		PREIMPORT	A	Begin IMPORT						
20230721	120208544		PREIMPORT	A	Begin IMPORT						
20230721	120708552		PREIMPORT	A	Begin IMPORT						
20230721	121208568		PREIMPORT	A	Begin IMPORT						
20230721	121708587		PREIMPORT	A	Begin IMPORT						
20230721	122208604		PREIMPORT	A	Begin IMPORT						
20230721	122708608		PREIMPORT	A	Begin IMPORT						
20230721	123208613		PREIMPORT	A	Begin IMPORT						
20230721	123708622		PREIMPORT	A	Begin IMPORT						
20230721	124208628		PREIMPORT	A	Begin IMPORT						
20230721	124708639		PREIMPORT	A	Begin IMPORT						
20230721	125208652		PREIMPORT	A	Begin IMPORT						
20230721	125708662		PREIMPORT	A	Begin IMPORT						
20230721	130208676		PREIMPORT	A	Begin IMPORT						
20230721	130708682		PREIMPORT	A	Begin IMPORT						
20230721	131208691		PREIMPORT	A	Begin IMPORT						
20230721	131708699		PREIMPORT	A	Begin IMPORT						
20230721	132208706		PREIMPORT	A	Begin IMPORT						
20230721	132708722		PREIMPORT	A	Begin IMPORT						
20230721	133208727		PREIMPORT	A	Begin IMPORT						
20230721	133708733		PREIMPORT	A	Begin IMPORT						
20230721	134208745		PREIMPORT	A	Begin IMPORT						
20230721	134708759		PREIMPORT	A	Begin IMPORT						
20230721	135208774		PREIMPORT	A	Begin IMPORT						
20230721	135708790		PREIMPORT	A	Begin IMPORT						
20230721	140208799		PREIMPORT	A	Begin IMPORT						
20230721	140708808		PREIMPORT	A	Begin IMPORT						
20230721	141208823		PREIMPORT	A	Begin IMPORT						
20230721	141708839		PREIMPORT	A	Begin IMPORT						
20230721	142208857		PREIMPORT	A	Begin IMPORT						
20230721	142708863		PREIMPORT	A	Begin IMPORT						
20230721	143208868		PREIMPORT	A	Begin IMPORT						
20230721	143708872		PREIMPORT	A	Begin IMPORT						
20230721	144208877		PREIMPORT	A	Begin IMPORT						
20230721	144708896		PREIMPORT	A	Begin IMPORT						
20230721	145208902		PREIMPORT	A	Begin IMPORT						
20230721	145708907		PREIMPORT	A	Begin IMPORT						
20230721	150208922		PREIMPORT	A	Begin IMPORT						
20230721	150708928		PREIMPORT	A	Begin IMPORT						
20230721	151208941		PREIMPORT	A	Begin IMPORT						
20230721	151708956		PREIMPORT	A	Begin IMPORT						
20230721	152208963		PREIMPORT	A	Begin IMPORT						
20230721	152708977		PREIMPORT	A	Begin IMPORT						
20230721	153208981		PREIMPORT	A	Begin IMPORT						
20230721	153708997		PREIMPORT	A	Begin IMPORT						
20230721	154209005		PREIMPORT	A	Begin IMPORT						
20230721	154709015		PREIMPORT	A	Begin IMPORT						
20230721	155209026		PREIMPORT	A	Begin IMPORT						
20230721	155709038		PREIMPORT	A	Begin IMPORT						
20230721	160209052		PREIMPORT	A	Begin IMPORT						
20230721	160709056		PREIMPORT	A	Begin IMPORT						
20230721	161209066		PREIMPORT	A	Begin IMPORT						
20230721	161709074		PREIMPORT	A	Begin IMPORT						
20230721	162209091		PREIMPORT	A	Begin IMPORT						
20230721	162709096		PREIMPORT	A	Begin IMPORT						
20230721	163209111		PREIMPORT	A	Begin IMPORT						
20230721	163709127		PREIMPORT	A	Begin IMPORT						
20230721	164209142		PREIMPORT	A	Begin IMPORT						
20230721	164709160		PREIMPORT	A	Begin IMPORT						
20230721	165209176		PREIMPORT	A	Begin IMPORT						
20230721	165709195		PREIMPORT	A	Begin IMPORT						
20230721	170209209		PREIMPORT	A	Begin IMPORT						
20230721	170709223		PREIMPORT	A	Begin IMPORT						
20230721	171209235		PREIMPORT	A	Begin IMPORT						
20230721	171709252		PREIMPORT	A	Begin IMPORT						
20230721	172209258		PREIMPORT	A	Begin IMPORT						
20230721	172709266		PREIMPORT	A	Begin IMPORT						
20230721	173209271		PREIMPORT	A	Begin IMPORT						
20230721	173709279		PREIMPORT	A	Begin IMPORT						
20230721	174209286		PREIMPORT	A	Begin IMPORT						
20230721	174709291		PREIMPORT	A	Begin IMPORT						
20230721	175209302		PREIMPORT	A	Begin IMPORT						
20230721	175709321		PREIMPORT	A	Begin IMPORT						
20230721	180209332		PREIMPORT	A	Begin IMPORT						
20230721	180709349		PREIMPORT	A	Begin IMPORT						
20230721	181209358		PREIMPORT	A	Begin IMPORT						
20230721	181709371		PREIMPORT	A	Begin IMPORT						
20230721	182209385		PREIMPORT	A	Begin IMPORT						
20230721	182709403		PREIMPORT	A	Begin IMPORT						
20230721	183209411		PREIMPORT	A	Begin IMPORT						
20230721	183709417		PREIMPORT	A	Begin IMPORT						
20230721	184209423		PREIMPORT	A	Begin IMPORT						
20230721	184709438		PREIMPORT	A	Begin IMPORT						
20230721	185209445		PREIMPORT	A	Begin IMPORT						
20230721	185709452		PREIMPORT	A	Begin IMPORT						
20230721	190209468		PREIMPORT	A	Begin IMPORT						
20230721	190709474		PREIMPORT	A	Begin IMPORT						
20230721	191209481		PREIMPORT	A	Begin IMPORT						
20230721	191709495		PREIMPORT	A	Begin IMPORT						
20230721	192209498		PREIMPORT	A	Begin IMPORT						
20230721	192709512		PREIMPORT	A	Begin IMPORT						
20230721	193209526		PREIMPORT	A	Begin IMPORT						
20230721	193709536		PREIMPORT	A	Begin IMPORT						
20230721	194209541		PREIMPORT	A	Begin IMPORT						
20230721	194709557		PREIMPORT	A	Begin IMPORT						
20230721	195209563		PREIMPORT	A	Begin IMPORT						
20230721	195709580		PREIMPORT	A	Begin IMPORT						
20230721	200209594		PREIMPORT	A	Begin IMPORT						
20230721	200709598		PREIMPORT	A	Begin IMPORT						
20230721	201209605		PREIMPORT	A	Begin IMPORT						
20230721	201709616		PREIMPORT	A	Begin IMPORT						
20230721	202209630		PREIMPORT	A	Begin IMPORT						
20230721	202709647		PREIMPORT	A	Begin IMPORT						
20230721	203209659		PREIMPORT	A	Begin IMPORT						
20230721	203709663		PREIMPORT	A	Begin IMPORT						
20230721	204209681		PREIMPORT	A	Begin IMPORT						
20230721	204709699		PREIMPORT	A	Begin IMPORT						
20230721	205209711		PREIMPORT	A	Begin IMPORT						
20230721	205709729		PREIMPORT	A	Begin IMPORT						
20230721	210209745		PREIMPORT	A	Begin IMPORT						
20230721	210709763		PREIMPORT	A	Begin IMPORT						
20230721	211209779		PREIMPORT	A	Begin IMPORT						
20230721	211709793		PREIMPORT	A	Begin IMPORT						
20230721	212209812		PREIMPORT	A	Begin IMPORT						
20230721	212709826		PREIMPORT	A	Begin IMPORT						
20230721	213209836		PREIMPORT	A	Begin IMPORT						
20230721	213709844		PREIMPORT	A	Begin IMPORT						
20230721	214209848		PREIMPORT	A	Begin IMPORT						
20230721	214709860		PREIMPORT	A	Begin IMPORT						
20230721	215209875		PREIMPORT	A	Begin IMPORT						
20230721	215709890		PREIMPORT	A	Begin IMPORT						
20230721	220209905		PREIMPORT	A	Begin IMPORT						
20230721	220709921		PREIMPORT	A	Begin IMPORT						
20230721	221209924		PREIMPORT	A	Begin IMPORT						
20230721	221709932		PREIMPORT	A	Begin IMPORT						
20230721	222209947		PREIMPORT	A	Begin IMPORT						
20230721	222709960		PREIMPORT	A	Begin IMPORT						
20230721	223209975		PREIMPORT	A	Begin IMPORT						
20230721	223709991		PREIMPORT	A	Begin IMPORT						
20230721	224210009		PREIMPORT	A	Begin IMPORT						
20230721	224710015		PREIMPORT	A	Begin IMPORT						
20230721	225210025		PREIMPORT	A	Begin IMPORT						
20230721	225710041		PREIMPORT	A	Begin IMPORT						
20230721	230210051		PREIMPORT	A	Begin IMPORT						
20230721	230710067		PREIMPORT	A	Begin IMPORT						
20230721	231210076		PREIMPORT	A	Begin IMPORT						
20230721	231710083		PREIMPORT	A	Begin IMPORT						
20230721	232210094		PREIMPORT	A	Begin IMPORT						
20230721	232710105		PREIMPORT	A	Begin IMPORT						
20230721	233210123		PREIMPORT	A	Begin IMPORT						
20230721	233710131		PREIMPORT	A	Begin IMPORT						
20230721	234210145		PREIMPORT	A	Begin IMPORT						
20230721	234710152		PREIMPORT	A	Begin IMPORT						
20230721	235210163		PREIMPORT	A	Begin IMPORT						
20230721	235710180		PREIMPORT	A	Begin IMPORT						
20230722	000210069		PREIMPORT	A	Begin IMPORT						
