20230725	000730193		PREIMPORT	A	Begin IMPORT						
20230725	001230210		PREIMPORT	A	Begin IMPORT						
20230725	001730214		PREIMPORT	A	Begin IMPORT						
20230725	002230227		PREIMPORT	A	Begin IMPORT						
20230725	002730231		PREIMPORT	A	Begin IMPORT						
20230725	003230250		PREIMPORT	A	Begin IMPORT						
20230725	003730263		PREIMPORT	A	Begin IMPORT						
20230725	004230274		PREIMPORT	A	Begin IMPORT						
20230725	004730284		PREIMPORT	A	Begin IMPORT						
20230725	005230287		PREIMPORT	A	Begin IMPORT						
20230725	005730291		PREIMPORT	A	Begin IMPORT						
20230725	010230298		PREIMPORT	A	Begin IMPORT						
20230725	010730304		PREIMPORT	A	Begin IMPORT						
20230725	011230311		PREIMPORT	A	Begin IMPORT						
20230725	011730321		PREIMPORT	A	Begin IMPORT						
20230725	012230329		PREIMPORT	A	Begin IMPORT						
20230725	012730348		PREIMPORT	A	Begin IMPORT						
20230725	013230362		PREIMPORT	A	Begin IMPORT						
20230725	013730376		PREIMPORT	A	Begin IMPORT						
20230725	014230395		PREIMPORT	A	Begin IMPORT						
20230725	014730399		PREIMPORT	A	Begin IMPORT						
20230725	015230403		PREIMPORT	A	Begin IMPORT						
20230725	015730412		PREIMPORT	A	Begin IMPORT						
20230725	020230426		PREIMPORT	A	Begin IMPORT						
20230725	020730434		PREIMPORT	A	Begin IMPORT						
20230725	021230439		PREIMPORT	A	Begin IMPORT						
20230725	021730445		PREIMPORT	A	Begin IMPORT						
20230725	022230457		PREIMPORT	A	Begin IMPORT						
20230725	022730471		PREIMPORT	A	Begin IMPORT						
20230725	023230482		PREIMPORT	A	Begin IMPORT						
20230725	023730494		PREIMPORT	A	Begin IMPORT						
20230725	024230513		PREIMPORT	A	Begin IMPORT						
20230725	024730518		PREIMPORT	A	Begin IMPORT						
20230725	025230523		PREIMPORT	A	Begin IMPORT						
20230725	025730527		PREIMPORT	A	Begin IMPORT						
20230725	030230533		PREIMPORT	A	Begin IMPORT						
20230725	030730551		PREIMPORT	A	Begin IMPORT						
20230725	031230560		PREIMPORT	A	Begin IMPORT						
20230725	031730570		PREIMPORT	A	Begin IMPORT						
20230725	032230577		PREIMPORT	A	Begin IMPORT						
20230725	032730587		PREIMPORT	A	Begin IMPORT						
20230725	033230600		PREIMPORT	A	Begin IMPORT						
20230725	033730614		PREIMPORT	A	Begin IMPORT						
20230725	034230620		PREIMPORT	A	Begin IMPORT						
20230725	034730632		PREIMPORT	A	Begin IMPORT						
20230725	035230646		PREIMPORT	A	Begin IMPORT						
20230725	035730654		PREIMPORT	A	Begin IMPORT						
20230725	040230666		PREIMPORT	A	Begin IMPORT						
20230725	040730673		PREIMPORT	A	Begin IMPORT						
20230725	041230688		PREIMPORT	A	Begin IMPORT						
20230725	041730700		PREIMPORT	A	Begin IMPORT						
20230725	042230715		PREIMPORT	A	Begin IMPORT						
20230725	042730728		PREIMPORT	A	Begin IMPORT						
20230725	043230732		PREIMPORT	A	Begin IMPORT						
20230725	043730747		PREIMPORT	A	Begin IMPORT						
20230725	044230765		PREIMPORT	A	Begin IMPORT						
20230725	044730783		PREIMPORT	A	Begin IMPORT						
20230725	045230786		PREIMPORT	A	Begin IMPORT						
20230725	045730791		PREIMPORT	A	Begin IMPORT						
20230725	050230805		PREIMPORT	A	Begin IMPORT						
20230725	050231446		PREIMPORT	A	BEGIN CREATE TABLE LOG_2023072505023144626B48EC9						
20230725	050231446		PREIMPORT	A	END CREATE TABLE LOG_2023072505023144626B48EC9						
20230725	050231461		PREIMPORT	A	BEGIN PROCESS :IMPORTLDAPUSERS						
20230725	050231555		PREIMPORT	A	login ok						
20230725	050231602		PREIMPORT	A	bind ok						
20230725	050231758		PREIMPORT	A	result count 100						
20230725	050231930		PREIMPORT	A	result count 100						
20230725	050232102		PREIMPORT	A	result count 100						
20230725	050232281		PREIMPORT	A	result count 100						
20230725	050232453		PREIMPORT	A	result count 100						
20230725	050232640		PREIMPORT	A	result count 100						
20230725	050232797		PREIMPORT	A	result count 100						
20230725	050232953		PREIMPORT	A	result count 100						
20230725	050233109		PREIMPORT	A	result count 100						
20230725	050233250		PREIMPORT	A	result count 100						
20230725	050233328		PREIMPORT	A	result count 100						
20230725	050233406		PREIMPORT	A	result count 100						
20230725	050233500		PREIMPORT	A	result count 100						
20230725	050233594		PREIMPORT	A	result count 100						
20230725	050233672		PREIMPORT	A	result count 100						
20230725	050233750		PREIMPORT	A	result count 100						
20230725	050233844		PREIMPORT	A	result count 100						
20230725	050233922		PREIMPORT	A	result count 100						
20230725	050234000		PREIMPORT	A	result count 3						
20230725	050234015		PREIMPORT	A	end IMPORTLDAPUSERS						
20230725	050234015		PREIMPORT	A	BEGIN PROCESS :IMPORTLDAPUSERS						
20230725	050234281		PREIMPORT	A	END PROCESS						
20230725	050234281		PREIMPORT	A	BEGIN PROCESS :IMPORTLDAPDisabledUsers						
20230725	050234390		PREIMPORT	A	login ok						
20230725	050234424		PREIMPORT	A	bind ok						
20230725	050234456		PREIMPORT	A	result count 0						
20230725	050234472		PREIMPORT	A	end IMPORTLDAPDisabledUsers						
20230725	050234472		PREIMPORT	A	BEGIN PROCESS :IMPORTLDAPDisabledUsers						
20230725	050234733		PREIMPORT	A	END PROCESS						
20230725	050234764		PREIMPORT	A	BEGIN DROP TABLE LOG_2023072505023144626B48EC9						
20230725	050235077		PREIMPORT	A	END DROP TABLE LOG_2023072505023144626B48EC9						
20230725	050235077		PREIMPORT	A	END IMPORT						
20230725	050735105		PREIMPORT	A	Begin IMPORT						
20230725	051235119		PREIMPORT	A	Begin IMPORT						
20230725	051735124		PREIMPORT	A	Begin IMPORT						
20230725	052235129		PREIMPORT	A	Begin IMPORT						
20230725	052735136		PREIMPORT	A	Begin IMPORT						
20230725	053235154		PREIMPORT	A	Begin IMPORT						
20230725	053735160		PREIMPORT	A	Begin IMPORT						
20230725	054235175		PREIMPORT	A	Begin IMPORT						
20230725	054735193		PREIMPORT	A	Begin IMPORT						
20230725	055235207		PREIMPORT	A	Begin IMPORT						
20230725	055735221		PREIMPORT	A	Begin IMPORT						
20230725	060235233		PREIMPORT	A	Begin IMPORT						
20230725	060735249		PREIMPORT	A	Begin IMPORT						
20230725	061235258		PREIMPORT	A	Begin IMPORT						
20230725	061735264		PREIMPORT	A	Begin IMPORT						
20230725	062235269		PREIMPORT	A	Begin IMPORT						
20230725	062735281		PREIMPORT	A	Begin IMPORT						
20230725	063235291		PREIMPORT	A	Begin IMPORT						
20230725	063735306		PREIMPORT	A	Begin IMPORT						
20230725	064235321		PREIMPORT	A	Begin IMPORT						
20230725	064735337		PREIMPORT	A	Begin IMPORT						
20230725	065235348		PREIMPORT	A	Begin IMPORT						
20230725	065735355		PREIMPORT	A	Begin IMPORT						
20230725	070235373		PREIMPORT	A	Begin IMPORT						
20230725	070735381		PREIMPORT	A	Begin IMPORT						
20230725	071235396		PREIMPORT	A	Begin IMPORT						
20230725	071735411		PREIMPORT	A	Begin IMPORT						
20230725	072235418		PREIMPORT	A	Begin IMPORT						
20230725	072735428		PREIMPORT	A	Begin IMPORT						
20230725	073235442		PREIMPORT	A	Begin IMPORT						
20230725	073735452		PREIMPORT	A	Begin IMPORT						
20230725	074235459		PREIMPORT	A	Begin IMPORT						
20230725	074735466		PREIMPORT	A	Begin IMPORT						
20230725	075235474		PREIMPORT	A	Begin IMPORT						
20230725	075735478		PREIMPORT	A	Begin IMPORT						
20230725	080235487		PREIMPORT	A	Begin IMPORT						
20230725	080735499		PREIMPORT	A	Begin IMPORT						
20230725	081235509		PREIMPORT	A	Begin IMPORT						
20230725	081735525		PREIMPORT	A	Begin IMPORT						
20230725	082235542		PREIMPORT	A	Begin IMPORT						
20230725	082735548		PREIMPORT	A	Begin IMPORT						
20230725	083235558		PREIMPORT	A	Begin IMPORT						
20230725	083735571		PREIMPORT	A	Begin IMPORT						
20230725	084235586		PREIMPORT	A	Begin IMPORT						
20230725	084735601		PREIMPORT	A	Begin IMPORT						
20230725	085235606		PREIMPORT	A	Begin IMPORT						
20230725	085735616		PREIMPORT	A	Begin IMPORT						
20230725	090235626		PREIMPORT	A	Begin IMPORT						
20230725	090735639		PREIMPORT	A	Begin IMPORT						
20230725	091235644		PREIMPORT	A	Begin IMPORT						
20230725	091735648		PREIMPORT	A	Begin IMPORT						
20230725	092235656		PREIMPORT	A	Begin IMPORT						
20230725	092735667		PREIMPORT	A	Begin IMPORT						
20230725	093235684		PREIMPORT	A	Begin IMPORT						
20230725	093735697		PREIMPORT	A	Begin IMPORT						
20230725	094235710		PREIMPORT	A	Begin IMPORT						
20230725	094735716		PREIMPORT	A	Begin IMPORT						
20230725	095235728		PREIMPORT	A	Begin IMPORT						
20230725	095735744		PREIMPORT	A	Begin IMPORT						
20230725	100235748		PREIMPORT	A	Begin IMPORT						
20230725	100735766		PREIMPORT	A	Begin IMPORT						
20230725	101235776		PREIMPORT	A	Begin IMPORT						
20230725	101735782		PREIMPORT	A	Begin IMPORT						
20230725	102235790		PREIMPORT	A	Begin IMPORT						
20230725	102735803		PREIMPORT	A	Begin IMPORT						
20230725	103235817		PREIMPORT	A	Begin IMPORT						
20230725	103735824		PREIMPORT	A	Begin IMPORT						
20230725	104235834		PREIMPORT	A	Begin IMPORT						
20230725	104735844		PREIMPORT	A	Begin IMPORT						
20230725	105235852		PREIMPORT	A	Begin IMPORT						
20230725	105735856		PREIMPORT	A	Begin IMPORT						
20230725	110235867		PREIMPORT	A	Begin IMPORT						
20230725	110735871		PREIMPORT	A	Begin IMPORT						
20230725	111235875		PREIMPORT	A	Begin IMPORT						
20230725	111735881		PREIMPORT	A	Begin IMPORT						
20230725	112235884		PREIMPORT	A	Begin IMPORT						
20230725	112735902		PREIMPORT	A	Begin IMPORT						
20230725	113235917		PREIMPORT	A	Begin IMPORT						
20230725	113735928		PREIMPORT	A	Begin IMPORT						
20230725	114235943		PREIMPORT	A	Begin IMPORT						
20230725	114735960		PREIMPORT	A	Begin IMPORT						
20230725	115235968		PREIMPORT	A	Begin IMPORT						
20230725	115735976		PREIMPORT	A	Begin IMPORT						
20230725	120235874		PREIMPORT	A	Begin IMPORT						
20230725	120735892		PREIMPORT	A	Begin IMPORT						
20230725	121235902		PREIMPORT	A	Begin IMPORT						
20230725	121735914		PREIMPORT	A	Begin IMPORT						
20230725	122235921		PREIMPORT	A	Begin IMPORT						
20230725	122735931		PREIMPORT	A	Begin IMPORT						
20230725	123235935		PREIMPORT	A	Begin IMPORT						
20230725	123735952		PREIMPORT	A	Begin IMPORT						
20230725	124235970		PREIMPORT	A	Begin IMPORT						
20230725	124735983		PREIMPORT	A	Begin IMPORT						
20230725	125235991		PREIMPORT	A	Begin IMPORT						
20230725	125735995		PREIMPORT	A	Begin IMPORT						
20230725	130235999		PREIMPORT	A	Begin IMPORT						
20230725	130736008		PREIMPORT	A	Begin IMPORT						
20230725	131236022		PREIMPORT	A	Begin IMPORT						
20230725	131736041		PREIMPORT	A	Begin IMPORT						
20230725	132236059		PREIMPORT	A	Begin IMPORT						
20230725	132736071		PREIMPORT	A	Begin IMPORT						
20230725	133236081		PREIMPORT	A	Begin IMPORT						
20230725	133736092		PREIMPORT	A	Begin IMPORT						
20230725	134236107		PREIMPORT	A	Begin IMPORT						
20230725	134736124		PREIMPORT	A	Begin IMPORT						
20230725	135236127		PREIMPORT	A	Begin IMPORT						
20230725	135736145		PREIMPORT	A	Begin IMPORT						
20230725	140236157		PREIMPORT	A	Begin IMPORT						
20230725	140736176		PREIMPORT	A	Begin IMPORT						
20230725	141236183		PREIMPORT	A	Begin IMPORT						
20230725	141736191		PREIMPORT	A	Begin IMPORT						
20230725	142236205		PREIMPORT	A	Begin IMPORT						
20230725	142736214		PREIMPORT	A	Begin IMPORT						
20230725	143236221		PREIMPORT	A	Begin IMPORT						
20230725	143736232		PREIMPORT	A	Begin IMPORT						
20230725	144236245		PREIMPORT	A	Begin IMPORT						
20230725	144736254		PREIMPORT	A	Begin IMPORT						
20230725	145236262		PREIMPORT	A	Begin IMPORT						
20230725	145736266		PREIMPORT	A	Begin IMPORT						
20230725	150236273		PREIMPORT	A	Begin IMPORT						
20230725	150736280		PREIMPORT	A	Begin IMPORT						
20230725	151236289		PREIMPORT	A	Begin IMPORT						
20230725	151736294		PREIMPORT	A	Begin IMPORT						
20230725	152236304		PREIMPORT	A	Begin IMPORT						
20230725	152736315		PREIMPORT	A	Begin IMPORT						
20230725	153236327		PREIMPORT	A	Begin IMPORT						
20230725	153736336		PREIMPORT	A	Begin IMPORT						
20230725	154236340		PREIMPORT	A	Begin IMPORT						
20230725	154736345		PREIMPORT	A	Begin IMPORT						
20230725	155236362		PREIMPORT	A	Begin IMPORT						
20230725	155736376		PREIMPORT	A	Begin IMPORT						
20230725	160236385		PREIMPORT	A	Begin IMPORT						
20230725	160736396		PREIMPORT	A	Begin IMPORT						
20230725	161236410		PREIMPORT	A	Begin IMPORT						
20230725	161736421		PREIMPORT	A	Begin IMPORT						
20230725	162236436		PREIMPORT	A	Begin IMPORT						
20230725	162736447		PREIMPORT	A	Begin IMPORT						
20230725	163236460		PREIMPORT	A	Begin IMPORT						
20230725	163736472		PREIMPORT	A	Begin IMPORT						
20230725	164236485		PREIMPORT	A	Begin IMPORT						
20230725	164736493		PREIMPORT	A	Begin IMPORT						
20230725	165236501		PREIMPORT	A	Begin IMPORT						
20230725	165736507		PREIMPORT	A	Begin IMPORT						
20230725	170236520		PREIMPORT	A	Begin IMPORT						
20230725	170736536		PREIMPORT	A	Begin IMPORT						
20230725	171236546		PREIMPORT	A	Begin IMPORT						
20230725	171736555		PREIMPORT	A	Begin IMPORT						
20230725	172236566		PREIMPORT	A	Begin IMPORT						
20230725	172736571		PREIMPORT	A	Begin IMPORT						
20230725	173236589		PREIMPORT	A	Begin IMPORT						
20230725	173736595		PREIMPORT	A	Begin IMPORT						
20230725	174236602		PREIMPORT	A	Begin IMPORT						
20230725	174736607		PREIMPORT	A	Begin IMPORT						
20230725	175236611		PREIMPORT	A	Begin IMPORT						
20230725	175736616		PREIMPORT	A	Begin IMPORT						
20230725	180236631		PREIMPORT	A	Begin IMPORT						
20230725	180736650		PREIMPORT	A	Begin IMPORT						
20230725	181236654		PREIMPORT	A	Begin IMPORT						
20230725	181736665		PREIMPORT	A	Begin IMPORT						
20230725	182236671		PREIMPORT	A	Begin IMPORT						
20230725	182736684		PREIMPORT	A	Begin IMPORT						
20230725	183236701		PREIMPORT	A	Begin IMPORT						
20230725	183736706		PREIMPORT	A	Begin IMPORT						
20230725	184236723		PREIMPORT	A	Begin IMPORT						
20230725	184736734		PREIMPORT	A	Begin IMPORT						
20230725	185236738		PREIMPORT	A	Begin IMPORT						
20230725	185736752		PREIMPORT	A	Begin IMPORT						
20230725	190236756		PREIMPORT	A	Begin IMPORT						
20230725	190736761		PREIMPORT	A	Begin IMPORT						
20230725	191236777		PREIMPORT	A	Begin IMPORT						
20230725	191736781		PREIMPORT	A	Begin IMPORT						
20230725	192236789		PREIMPORT	A	Begin IMPORT						
20230725	192736804		PREIMPORT	A	Begin IMPORT						
20230725	193236821		PREIMPORT	A	Begin IMPORT						
20230725	193736830		PREIMPORT	A	Begin IMPORT						
20230725	194236847		PREIMPORT	A	Begin IMPORT						
20230725	194736856		PREIMPORT	A	Begin IMPORT						
20230725	195236861		PREIMPORT	A	Begin IMPORT						
20230725	195736866		PREIMPORT	A	Begin IMPORT						
20230725	200236874		PREIMPORT	A	Begin IMPORT						
20230725	200736880		PREIMPORT	A	Begin IMPORT						
20230725	201236895		PREIMPORT	A	Begin IMPORT						
20230725	201736906		PREIMPORT	A	Begin IMPORT						
20230725	202236919		PREIMPORT	A	Begin IMPORT						
20230725	202736934		PREIMPORT	A	Begin IMPORT						
20230725	203236947		PREIMPORT	A	Begin IMPORT						
20230725	203736954		PREIMPORT	A	Begin IMPORT						
20230725	204236968		PREIMPORT	A	Begin IMPORT						
20230725	204736980		PREIMPORT	A	Begin IMPORT						
20230725	205236985		PREIMPORT	A	Begin IMPORT						
20230725	205736988		PREIMPORT	A	Begin IMPORT						
20230725	210237004		PREIMPORT	A	Begin IMPORT						
20230725	210737017		PREIMPORT	A	Begin IMPORT						
20230725	211237026		PREIMPORT	A	Begin IMPORT						
20230725	211737034		PREIMPORT	A	Begin IMPORT						
20230725	212237039		PREIMPORT	A	Begin IMPORT						
20230725	212737050		PREIMPORT	A	Begin IMPORT						
20230725	213237057		PREIMPORT	A	Begin IMPORT						
20230725	213737074		PREIMPORT	A	Begin IMPORT						
20230725	214237084		PREIMPORT	A	Begin IMPORT						
20230725	214737100		PREIMPORT	A	Begin IMPORT						
20230725	215237108		PREIMPORT	A	Begin IMPORT						
20230725	215737121		PREIMPORT	A	Begin IMPORT						
20230725	220237132		PREIMPORT	A	Begin IMPORT						
20230725	220737143		PREIMPORT	A	Begin IMPORT						
20230725	221237156		PREIMPORT	A	Begin IMPORT						
20230725	221737163		PREIMPORT	A	Begin IMPORT						
20230725	222237180		PREIMPORT	A	Begin IMPORT						
20230725	222737194		PREIMPORT	A	Begin IMPORT						
20230725	223237210		PREIMPORT	A	Begin IMPORT						
20230725	223737226		PREIMPORT	A	Begin IMPORT						
20230725	224237231		PREIMPORT	A	Begin IMPORT						
20230725	224737243		PREIMPORT	A	Begin IMPORT						
20230725	225237260		PREIMPORT	A	Begin IMPORT						
20230725	225737267		PREIMPORT	A	Begin IMPORT						
20230725	230237271		PREIMPORT	A	Begin IMPORT						
20230725	230737278		PREIMPORT	A	Begin IMPORT						
20230725	231237293		PREIMPORT	A	Begin IMPORT						
20230725	231737299		PREIMPORT	A	Begin IMPORT						
20230725	232237308		PREIMPORT	A	Begin IMPORT						
20230725	232737321		PREIMPORT	A	Begin IMPORT						
20230725	233237332		PREIMPORT	A	Begin IMPORT						
20230725	233737340		PREIMPORT	A	Begin IMPORT						
20230725	234237356		PREIMPORT	A	Begin IMPORT						
20230725	234737363		PREIMPORT	A	Begin IMPORT						
20230725	235237373		PREIMPORT	A	Begin IMPORT						
20230725	235737380		PREIMPORT	A	Begin IMPORT						
20230726	000237255		PREIMPORT	A	Begin IMPORT						
